============================= test session starts =============================
platform win32 -- Python 3.11.9, pytest-9.0.3, pluggy-1.6.0
rootdir: C:\Users\Asus\Downloads\app_v181\backend
plugins: anyio-4.13.0, asyncio-1.3.0
asyncio: mode=Mode.STRICT, debug=False, asyncio_default_fixture_loop_scope=None, asyncio_default_test_loop_scope=function
collected 41 items

tests\test_remediation_fast1_inbox_corridor.py F

================================== FAILURES ===================================
______________ test_fast1_messages_put_member_forbidden_operator ______________
tests\test_remediation_fast1_inbox_corridor.py:58: in test_fast1_messages_put_member_forbidden_operator
    assert r.status_code == 403
E   assert 500 == 403
E    +  where 500 = <Response [500 Internal Server Error]>.status_code
---------------------------- Captured stdout setup ----------------------------
2026-04-23 18:09:17 | INFO | main | request_id= workspace_id= user_id= | === Logging system initialized (format=text) ===
2026-04-23 18:09:17 | INFO | main | request_id= workspace_id= user_id= | Environment: test
2026-04-23 18:09:17 | INFO | main | request_id= workspace_id= user_id= | Log file: logs/app_20260423_180917.log
2026-04-23 18:09:17 | INFO | main | request_id= workspace_id= user_id= | Log level: DEBUG
2026-04-23 18:09:17 | INFO | main | request_id= workspace_id= user_id= | Included router: routers.activities.router
2026-04-23 18:09:17 | INFO | main | request_id= workspace_id= user_id= | Included router: routers.agent_actions.router
2026-04-23 18:09:19 | INFO | main | request_id= workspace_id= user_id= | Included router: routers.aihub.router
2026-04-23 18:09:19 | INFO | main | request_id= workspace_id= user_id= | Included router: routers.appointments.router
2026-04-23 18:09:19 | INFO | main | request_id= workspace_id= user_id= | Included router: routers.audit_log.router
2026-04-23 18:09:19 | INFO | main | request_id= workspace_id= user_id= | Included router: routers.auth.router
2026-04-23 18:09:19 | INFO | main | request_id= workspace_id= user_id= | Included router: routers.automation.router
2026-04-23 18:09:19 | INFO | main | request_id= workspace_id= user_id= | Included router: routers.automation_jobs.router
2026-04-23 18:09:19 | INFO | main | request_id= workspace_id= user_id= | Included router: routers.automation_webhooks.router
2026-04-23 18:09:19 | INFO | main | request_id= workspace_id= user_id= | Included router: routers.billing_usage.router
2026-04-23 18:09:20 | INFO | main | request_id= workspace_id= user_id= | Included router: routers.blog_posts.router
2026-04-23 18:09:20 | INFO | main | request_id= workspace_id= user_id= | Included router: routers.calendar_events.router
2026-04-23 18:09:20 | INFO | main | request_id= workspace_id= user_id= | Included router: routers.campaign_sender.router
2026-04-23 18:09:20 | INFO | main | request_id= workspace_id= user_id= | Included router: routers.campaigns.router
2026-04-23 18:09:20 | INFO | main | request_id= workspace_id= user_id= | Included router: routers.connector_configs.router
2026-04-23 18:09:20 | INFO | main | request_id= workspace_id= user_id= | Included router: routers.contacts.router
2026-04-23 18:09:20 | INFO | main | request_id= workspace_id= user_id= | Included router: routers.contract_logs.router
2026-04-23 18:09:20 | INFO | main | request_id= workspace_id= user_id= | Included router: routers.contract_signing.router
2026-04-23 18:09:21 | INFO | main | request_id= workspace_id= user_id= | Included router: routers.contracts.router
2026-04-23 18:09:21 | INFO | main | request_id= workspace_id= user_id= | Included router: routers.conversation_realtime.router
2026-04-23 18:09:21 | INFO | main | request_id= workspace_id= user_id= | Included router: routers.conversations.router
2026-04-23 18:09:21 | INFO | main | request_id= workspace_id= user_id= | Included router: routers.crm_advanced.router
2026-04-23 18:09:21 | INFO | main | request_id= workspace_id= user_id= | Included router: routers.crm_analytics.router
2026-04-23 18:09:21 | INFO | main | request_id= workspace_id= user_id= | Included router: routers.dashboard_metrics.router
2026-04-23 18:09:21 | INFO | main | request_id= workspace_id= user_id= | Included router: routers.deals.router
2026-04-23 18:09:21 | INFO | main | request_id= workspace_id= user_id= | Included router: routers.e2e_orchestrator.router
2026-04-23 18:09:21 | INFO | main | request_id= workspace_id= user_id= | Included router: routers.email_service.router
2026-04-23 18:09:22 | INFO | main | request_id= workspace_id= user_id= | Included router: routers.form_items.router
2026-04-23 18:09:22 | INFO | main | request_id= workspace_id= user_id= | Included router: routers.funnel_items.router
2026-04-23 18:09:22 | INFO | main | request_id= workspace_id= user_id= | Included router: routers.funnel_publisher.router
2026-04-23 18:09:22 | INFO | main | request_id= workspace_id= user_id= | Included router: routers.global_dashboard.router
2026-04-23 18:09:22 | INFO | main | request_id= workspace_id= user_id= | Included router: routers.health.router
2026-04-23 18:09:22 | INFO | main | request_id= workspace_id= user_id= | Included router: routers.helpdesk_sla.router
2026-04-23 18:09:22 | INFO | main | request_id= workspace_id= user_id= | Included router: routers.helpdesk_tickets.router
2026-04-23 18:09:22 | INFO | main | request_id= workspace_id= user_id= | Included router: routers.messages.router
2026-04-23 18:09:22 | INFO | main | request_id= workspace_id= user_id= | Included router: routers.module_analytics.router
2026-04-23 18:09:22 | INFO | main | request_id= workspace_id= user_id= | Included router: routers.nelvyon_agents.router
2026-04-23 18:09:23 | INFO | main | request_id= workspace_id= user_id= | Included router: routers.nelvyon_assets.router
2026-04-23 18:09:23 | INFO | main | request_id= workspace_id= user_id= | Included router: routers.nelvyon_bot_templates.router
2026-04-23 18:09:23 | INFO | main | request_id= workspace_id= user_id= | Included router: routers.nelvyon_campaigns.router
2026-04-23 18:09:23 | INFO | main | request_id= workspace_id= user_id= | Included router: routers.nelvyon_clients.router
2026-04-23 18:09:23 | INFO | main | request_id= workspace_id= user_id= | Included router: routers.nelvyon_outputs.router
2026-04-23 18:09:23 | INFO | main | request_id= workspace_id= user_id= | Included router: routers.nelvyon_products.router
2026-04-23 18:09:24 | INFO | main | request_id= workspace_id= user_id= | Included router: routers.nelvyon_projects.router
2026-04-23 18:09:24 | INFO | main | request_id= workspace_id= user_id= | Included router: routers.nelvyon_quality_metrics.router
2026-04-23 18:09:24 | INFO | main | request_id= workspace_id= user_id= | Included router: routers.nelvyon_user_settings.router
2026-04-23 18:09:24 | INFO | main | request_id= workspace_id= user_id= | Included router: routers.oauth_integrations.router
2026-04-23 18:09:24 | INFO | main | request_id= workspace_id= user_id= | Included router: routers.onboarding.router
2026-04-23 18:09:24 | INFO | main | request_id= workspace_id= user_id= | Included router: routers.orchestrator.router
2026-04-23 18:09:24 | INFO | main | request_id= workspace_id= user_id= | Included router: routers.partner_records.router
2026-04-23 18:09:24 | INFO | main | request_id= workspace_id= user_id= | Included router: routers.payments.router
2026-04-23 18:09:24 | INFO | main | request_id= workspace_id= user_id= | Included router: routers.pipeline_deals.router
2026-04-23 18:09:25 | INFO | main | request_id= workspace_id= user_id= | Included router: routers.pipeline_pro.router
2026-04-23 18:09:25 | INFO | main | request_id= workspace_id= user_id= | Included router: routers.platform_metrics.router
2026-04-23 18:09:25 | INFO | main | request_id= workspace_id= user_id= | Included router: routers.platform_settings.router
2026-04-23 18:09:25 | INFO | main | request_id= workspace_id= user_id= | Included router: routers.presentation_history.router
2026-04-23 18:09:25 | INFO | main | request_id= workspace_id= user_id= | Included router: routers.pricing_promos.router
2026-04-23 18:09:25 | INFO | main | request_id= workspace_id= user_id= | Included router: routers.qa_engine.router
2026-04-23 18:09:25 | INFO | main | request_id= workspace_id= user_id= | Included router: routers.rbac_management.router
2026-04-23 18:09:25 | INFO | main | request_id= workspace_id= user_id= | Included router: routers.report_items.router
2026-04-23 18:09:25 | INFO | main | request_id= workspace_id= user_id= | Included router: routers.revenue_records.router
2026-04-23 18:09:25 | INFO | main | request_id= workspace_id= user_id= | Included router: routers.saas_tools.router
2026-04-23 18:09:26 | INFO | main | request_id= workspace_id= user_id= | Included router: routers.sales_records.router
2026-04-23 18:09:26 | INFO | main | request_id= workspace_id= user_id= | Included router: routers.security_events.router
2026-04-23 18:09:26 | INFO | main | request_id= workspace_id= user_id= | Included router: routers.segment_results.router
2026-04-23 18:09:26 | INFO | main | request_id= workspace_id= user_id= | Included router: routers.settings.router
2026-04-23 18:09:26 | INFO | main | request_id= workspace_id= user_id= | Included router: routers.social_posts.router
2026-04-23 18:09:26 | INFO | main | request_id= workspace_id= user_id= | Included router: routers.storage.router
2026-04-23 18:09:26 | INFO | main | request_id= workspace_id= user_id= | Included router: routers.stripe_webhook.router
2026-04-23 18:09:26 | INFO | main | request_id= workspace_id= user_id= | Included router: routers.subscriptions.router
2026-04-23 18:09:26 | INFO | main | request_id= workspace_id= user_id= | Included router: routers.system_health.router
2026-04-23 18:09:26 | INFO | main | request_id= workspace_id= user_id= | Included router: routers.system_readiness.router
2026-04-23 18:09:26 | INFO | main | request_id= workspace_id= user_id= | Included router: routers.tenant_management.router
2026-04-23 18:09:26 | INFO | main | request_id= workspace_id= user_id= | Included router: routers.user.router
2026-04-23 18:09:27 | INFO | main | request_id= workspace_id= user_id= | Included router: routers.user_roles.router
2026-04-23 18:09:27 | INFO | main | request_id= workspace_id= user_id= | Included router: routers.website_items.router
2026-04-23 18:09:27 | INFO | main | request_id= workspace_id= user_id= | Included router: routers.website_pages.router
2026-04-23 18:09:27 | INFO | main | request_id= workspace_id= user_id= | Included router: routers.workflow_engine.router
2026-04-23 18:09:27 | INFO | main | request_id= workspace_id= user_id= | Included router: routers.workflows.router
2026-04-23 18:09:27 | INFO | main | request_id= workspace_id= user_id= | Included router: routers.workspace_home.router
2026-04-23 18:09:28 | INFO | main | request_id= workspace_id= user_id= | Included router: routers.workspace_management.router
2026-04-23 18:09:28 | INFO | main | request_id= workspace_id= user_id= | Included router: routers.workspace_members.router
2026-04-23 18:09:28 | INFO | main | request_id= workspace_id= user_id= | Included router: routers.workspaces.router
2026-04-23 18:09:28 | INFO | main | request_id= workspace_id= user_id= | Total routers discovered: 83
2026-04-23 18:09:28 | DEBUG | core.config | request_id= workspace_id= user_id= | Read dynamic attribute jwt_secret_key from environment variable JWT_SECRET_KEY
2026-04-23 18:09:28 | DEBUG | core.config | request_id= workspace_id= user_id= | Read dynamic attribute jwt_expire_minutes from environment variable JWT_EXPIRE_MINUTES
2026-04-23 18:09:28 | DEBUG | core.config | request_id= workspace_id= user_id= | Read dynamic attribute jwt_algorithm from environment variable JWT_ALGORITHM
2026-04-23 18:09:28 | DEBUG | core.auth | request_id= workspace_id= user_id= | Authentication token created for user hash: 36e1bda3
2026-04-23 18:09:28 | DEBUG | core.auth | request_id= workspace_id= user_id= | Authentication token created for user hash: fa5e0989
---------------------------- Captured stdout call -----------------------------
2026-04-23 18:09:28 | DEBUG | aiosqlite | request_id= workspace_id= user_id= | executing functools.partial(<built-in method cursor of sqlite3.Connection object at 0x0000025F9112F4C0>)\n2026-04-23 18:09:28 | DEBUG | aiosqlite | request_id= workspace_id= user_id= | operation functools.partial(<built-in method cursor of sqlite3.Connection object at 0x0000025F9112F4C0>) completed\n2026-04-23 18:09:28 | DEBUG | aiosqlite | request_id= workspace_id= user_id= | executing functools.partial(<built-in method execute of sqlite3.Cursor object at 0x0000025F9AC718C0>, 'DELETE FROM subscriptions WHERE workspace_id = 1', ())\n2026-04-23 18:09:28 | DEBUG | aiosqlite | request_id= workspace_id= user_id= | operation functools.partial(<built-in method execute of sqlite3.Cursor object at 0x0000025F9AC718C0>, 'DELETE FROM subscriptions WHERE workspace_id = 1', ()) completed\n2026-04-23 18:09:28 | DEBUG | aiosqlite | request_id= workspace_id= user_id= | executing functools.partial(<built-in method close of sqlite3.Cursor object at 0x0000025F9AC718C0>)\n2026-04-23 18:09:28 | DEBUG | aiosqlite | request_id= workspace_id= user_id= | operation functools.partial(<built-in method close of sqlite3.Cursor object at 0x0000025F9AC718C0>) completed\n2026-04-23 18:09:28 | DEBUG | aiosqlite | request_id= workspace_id= user_id= | executing functools.partial(<built-in method commit of sqlite3.Connection object at 0x0000025F9112F4C0>)\n2026-04-23 18:09:28 | DEBUG | aiosqlite | request_id= workspace_id= user_id= | operation functools.partial(<built-in method commit of sqlite3.Connection object at 0x0000025F9112F4C0>) completed\n2026-04-23 18:09:28 | DEBUG | aiosqlite | request_id= workspace_id= user_id= | executing functools.partial(<built-in method rollback of sqlite3.Connection object at 0x0000025F9112F4C0>)\n2026-04-23 18:09:28 | DEBUG | aiosqlite | request_id= workspace_id= user_id= | operation functools.partial(<built-in method rollback of sqlite3.Connection object at 0x0000025F9112F4C0>) completed\n2026-04-23 18:09:28 | DEBUG | core.auth | request_id=9770d338-bf10-4ed9-8f8b-c7ec5ec366e0 workspace_id=1 user_id= | Authentication token validated for user hash: 36e1bda3\n2026-04-23 18:09:28 | DEBUG | core.database | request_id=9770d338-bf10-4ed9-8f8b-c7ec5ec366e0 workspace_id=1 user_id=test-user-00000000-0000-0000-0000-000000000001 | [DB_OP] Starting get_db session creation\n2026-04-23 18:09:28 | WARNING | core.database | request_id=9770d338-bf10-4ed9-8f8b-c7ec5ec366e0 workspace_id=1 user_id=test-user-00000000-0000-0000-0000-000000000001 | Database session maker not available, attempting lazy initialization...\n2026-04-23 18:09:28 | WARNING | core.database | request_id=9770d338-bf10-4ed9-8f8b-c7ec5ec366e0 workspace_id=1 user_id=test-user-00000000-0000-0000-0000-000000000001 | Database not initialized, attempting lazy initialization...\n2026-04-23 18:09:28 | INFO | core.database | request_id=9770d338-bf10-4ed9-8f8b-c7ec5ec366e0 workspace_id=1 user_id=test-user-00000000-0000-0000-0000-000000000001 | Starting database initialization...\n2026-04-23 18:09:28 | DEBUG | core.config | request_id=9770d338-bf10-4ed9-8f8b-c7ec5ec366e0 workspace_id=1 user_id=test-user-00000000-0000-0000-0000-000000000001 | Read dynamic attribute database_url from environment variable DATABASE_URL\n2026-04-23 18:09:28 | INFO | core.database | request_id=9770d338-bf10-4ed9-8f8b-c7ec5ec366e0 workspace_id=1 user_id=test-user-00000000-0000-0000-0000-000000000001 | Normalizing database URL for async compatibility...\n2026-04-23 18:09:28 | DEBUG | core.database | request_id=9770d338-bf10-4ed9-8f8b-c7ec5ec366e0 workspace_id=1 user_id=test-user-00000000-0000-0000-0000-000000000001 | Database exists:test.db\n2026-04-23 18:09:28 | INFO | core.database | request_id=9770d338-bf10-4ed9-8f8b-c7ec5ec366e0 workspace_id=1 user_id=test-user-00000000-0000-0000-0000-000000000001 | Creating async database engine...\n2026-04-23 18:09:28 | INFO | core.database | request_id=9770d338-bf10-4ed9-8f8b-c7ec5ec366e0 workspace_id=1 user_id=test-user-00000000-0000-0000-0000-000000000001 | Using QueuePool with connection pooling for non-Lambda environment\n2026-04-23 18:09:28 | INFO | core.database | request_id=9770d338-bf10-4ed9-8f8b-c7ec5ec366e0 workspace_id=1 user_id=test-user-00000000-0000-0000-0000-000000000001 | Database engine created successfully\n2026-04-23 18:09:28 | INFO | core.database | request_id=9770d338-bf10-4ed9-8f8b-c7ec5ec366e0 workspace_id=1 user_id=test-user-00000000-0000-0000-0000-000000000001 | Creating async session maker...\n2026-04-23 18:09:28 | INFO | core.database | request_id=9770d338-bf10-4ed9-8f8b-c7ec5ec366e0 workspace_id=1 user_id=test-user-00000000-0000-0000-0000-000000000001 | Async session maker created successfully\n2026-04-23 18:09:28 | INFO | core.database | request_id=9770d338-bf10-4ed9-8f8b-c7ec5ec366e0 workspace_id=1 user_id=test-user-00000000-0000-0000-0000-000000000001 | Database connection initialized successfully\n2026-04-23 18:09:28 | DEBUG | core.database | request_id=9770d338-bf10-4ed9-8f8b-c7ec5ec366e0 workspace_id=1 user_id=test-user-00000000-0000-0000-0000-000000000001 | [DB_OP] Starting create_tables\n2026-04-23 18:09:28 | INFO | core.database | request_id=9770d338-bf10-4ed9-8f8b-c7ec5ec366e0 workspace_id=1 user_id=test-user-00000000-0000-0000-0000-000000000001 | \U0001f527 Starting table creation...\n2026-04-23 18:09:28 | DEBUG | aiosqlite | request_id= workspace_id= user_id= | executing <function connect.<locals>.connector at 0x0000025F9AC7F1A0>\n2026-04-23 18:09:28 | DEBUG | aiosqlite | request_id= workspace_id= user_id= | operation <function connect.<locals>.connector at 0x0000025F9AC7F1A0> completed\n2026-04-23 18:09:28 | DEBUG | aiosqlite | request_id= workspace_id= user_id= | executing functools.partial(<built-in method create_function of sqlite3.Connection object at 0x0000025F9ACC4F40>, 'regexp', 2, <function SQLiteDialect_pysqlite.on_connect.<locals>.regexp at 0x0000025F9AC7EAC0>, deterministic=True)\n2026-04-23 18:09:28 | DEBUG | aiosqlite | request_id= workspace_id= user_id= | operation functools.partial(<built-in method create_function of sqlite3.Connection object at 0x0000025F9ACC4F40>, 'regexp', 2, <function SQLiteDialect_pysqlite.on_connect.<locals>.regexp at 0x0000025F9AC7EAC0>, deterministic=True) completed\n2026-04-23 18:09:28 | DEBUG | aiosqlite | request_id= workspace_id= user_id= | executing functools.partial(<built-in method create_function of sqlite3.Connection object at 0x0000025F9ACC4F40>, 'floor', 1, <built-in function floor>, deterministic=True)\n2026-04-23 18:09:28 | DEBUG | aiosqlite | request_id= workspace_id= user_id= | operation functools.partial(<built-in method create_function of sqlite3.Connection object at 0x0000025F9ACC4F40>, 'floor', 1, <built-in function floor>, deterministic=True) completed\n2026-04-23 18:09:28 | DEBUG | aiosqlite | request_id= workspace_id= user_id= | executing functools.partial(<built-in method cursor of sqlite3.Connection object at 0x0000025F9ACC4F40>)\n2026-04-23 18:09:28 | DEBUG | aiosqlite | request_id= workspace_id= user_id= | operation functools.partial(<built-in method cursor of sqlite3.Connection object at 0x0000025F9ACC4F40>) completed\n2026-04-23 18:09:28 | DEBUG | aiosqlite | request_id= workspace_id= user_id= | executing functools.partial(<built-in method execute of sqlite3.Cursor object at 0x0000025F9AC73EC0>, 'PRAGMA read_uncommitted', [])\n2026-04-23 18:09:28 | DEBUG | aiosqlite | request_id= workspace_id= user_id= | operation functools.partial(<built-in method execute of sqlite3.Cursor object at 0x0000025F9AC73EC0>, 'PRAGMA read_uncommitted', []) completed\n2026-04-23 18:09:28 | DEBUG | aiosqlite | request_id= workspace_id= user_id= | executing functools.partial(<built-in method fetchall of sqlite3.Cursor object at 0x0000025F9AC73EC0>)\n2026-04-23 18:09:28 | DEBUG | aiosqlite | request_id= workspace_id= user_id= | operation functools.partial(<built-in method fetchall of sqlite3.Cursor object at 0x0000025F9AC73EC0>) completed\n2026-04-23 18:09:28 | DEBUG | aiosqlite | request_id= workspace_id= user_id= | executing functools.partial(<built-in method close of sqlite3.Cursor object at 0x0000025F9AC73EC0>)\n2026-04-23 18:09:28 | DEBUG | aiosqlite | request_id= workspace_id= user_id= | operation functools.partial(<built-in method close of sqlite3.Cursor object at 0x0000025F9AC73EC0>) completed\n2026-04-23 18:09:28 | DEBUG | aiosqlite | request_id= workspace_id= user_id= | executing functools.partial(<built-in method rollback of sqlite3.Connection object at 0x0000025F9ACC4F40>)\n2026-04-23 18:09:28 | DEBUG | aiosqlite | request_id= workspace_id= user_id= | operation functools.partial(<built-in method rollback of sqlite3.Connection object at 0x0000025F9ACC4F40>) completed\n2026-04-23 18:09:28 | DEBUG | aiosqlite | request_id= workspace_id= user_id= | executing functools.partial(<built-in method cursor of sqlite3.Connection object at 0x0000025F9ACC4F40>)\n2026-04-23 18:09:28 | DEBUG | aiosqlite | request_id= workspace_id= user_id= | operation functools.partial(<built-in method cursor of sqlite3.Connection object at 0x0000025F9ACC4F40>) completed\n2026-04-23 18:09:28 | DEBUG | aiosqlite | request_id= workspace_id= user_id= | executing functools.partial(<built-in method execute of sqlite3.Cursor object at 0x0000025F9ACC80C0>, 'PRAGMA main.table_info("conversations")', ())\n2026-04-23 18:09:28 | DEBUG | aiosqlite | request_id= workspace_id= user_id= | operation functools.partial(<built-in method execute of sqlite3.Cursor object at 0x0000025F9ACC80C0>, 'PRAGMA main.table_info("conversations")', ()) completed\n2026-04-23 18:09:28 | DEBUG | aiosqlite | request_id= workspace_id= user_id= | executing functools.partial(<built-in method fetchall of sqlite3.Cursor object at 0x0000025F9ACC80C0>)\n2026-04-23 18:09:28 | DEBUG | aiosqlite | request_id= workspace_id= user_id= | operation functools.partial(<built-in method fetchall of sqlite3.Cursor object at 0x0000025F9ACC80C0>) completed\n2026-04-23 18:09:28 | DEBUG | aiosqlite | request_id= workspace_id= user_id= | executing functools.partial(<built-in method close of sqlite3.Cursor object at 0x0000025F9ACC80C0>)\n2026-04-23 18:09:28 | DEBUG | aiosqlite | request_id= workspace_id= user_id= | operation functools.partial(<built-in method close of sqlite3.Cursor object at 0x0000025F9ACC80C0>) completed\n2026-04-23 18:09:28 | DEBUG | aiosqlite | request_id= workspace_id= user_id= | executing functools.partial(<built-in method cursor of sqlite3.Connection object at 0x0000025F9ACC4F40>)\n2026-04-23 18:09:28 | DEBUG | aiosqlite | request_id= workspace_id= user_id= | operation functools.partial(<built-in method cursor of sqlite3.Connection object at 0x0000025F9ACC4F40>) completed\n2026-04-23 18:09:28 | DEBUG | aiosqlite | request_id= workspace_id= user_id= | executing functools.partial(<built-in method execute of sqlite3.Cursor object at 0x0000025F9ACC83C0>, 'PRAGMA main.table_info("messages")', ())\n2026-04-23 18:09:28 | DEBUG | aiosqlite | request_id= workspace_id= user_id= | operation functools.partial(<built-in method execute of sqlite3.Cursor object at 0x0000025F9ACC83C0>, 'PRAGMA main.table_info("messages")', ()) completed\n2026-04-23 18:09:28 | DEBUG | aiosqlite | request_id= workspace_id= user_id= | executing functools.partial(<built-in method fetchall of sqlite3.Cursor object at 0x0000025F9ACC83C0>)\n2026-04-23 18:09:28 | DEBUG | aiosqlite | request_id= workspace_id= user_id= | operation functools.partial(<built-in method fetchall of sqlite3.Cursor object at 0x0000025F9ACC83C0>) completed\n2026-04-23 18:09:28 | DEBUG | aiosqlite | request_id= workspace_id= user_id= | executing functools.partial(<built-in method close of sqlite3.Cursor object at 0x0000025F9ACC83C0>)\n2026-04-23 18:09:28 | DEBUG | aiosqlite | request_id= workspace_id= user_id= | operation functools.partial(<built-in method close of sqlite3.Cursor object at 0x0000025F9ACC83C0>) completed\n2026-04-23 18:09:28 | DEBUG | aiosqlite | request_id= workspace_id= user_id= | executing functools.partial(<built-in method cursor of sqlite3.Connection object at 0x0000025F9ACC4F40>)\n2026-04-23 18:09:28 | DEBUG | aiosqlite | request_id= workspace_id= user_id= | operation functools.partial(<built-in method cursor of sqlite3.Connection object at 0x0000025F9ACC4F40>) completed\n2026-04-23 18:09:28 | DEBUG | aiosqlite | request_id= workspace_id= user_id= | executing functools.partial(<built-in method execute of sqlite3.Cursor object at 0x0000025F9ACC84C0>, 'PRAGMA main.table_info("stripe_webhook_events")', ())\n2026-04-23 18:09:28 | DEBUG | aiosqlite | request_id= workspace_id= user_id= | operation functools.partial(<built-in method execute of sqlite3.Cursor object at 0x0000025F9ACC84C0>, 'PRAGMA main.table_info("stripe_webhook_events")', ()) completed\n2026-04-23 18:09:28 | DEBUG | aiosqlite | request_id= workspace_id= user_id= | executing functools.partial(<built-in method fetchall of sqlite3.Cursor object at 0x0000025F9ACC84C0>)\n2026-04-23 18:09:28 | DEBUG | aiosqlite | request_id= workspace_id= user_id= | operation functools.partial(<built-in method fetchall of sqlite3.Cursor object at 0x0000025F9ACC84C0>) completed\n2026-04-23 18:09:28 | DEBUG | aiosqlite | request_id= workspace_id= user_id= | executing functools.partial(<built-in method close of sqlite3.Cursor object at 0x0000025F9ACC84C0>)\n2026-04-23 18:09:28 | DEBUG | aiosqlite | request_id= workspace_id= user_id= | operation functools.partial(<built-in method close of sqlite3.Cursor object at 0x0000025F9ACC84C0>) completed\n2026-04-23 18:09:28 | DEBUG | aiosqlite | request_id= workspace_id= user_id= | executing functools.partial(<built-in method cursor of sqlite3.Connection object at 0x0000025F9ACC4F40>)\n2026-04-23 18:09:28 | DEBUG | aiosqlite | request_id= workspace_id= user_id= | operation functools.partial(<built-in method cursor of sqlite3.Connection object at 0x0000025F9ACC4F40>) completed\n2026-04-23 18:09:28 | DEBUG | aiosqlite | request_id= workspace_id= user_id= | executing functools.partial(<built-in method execute of sqlite3.Cursor object at 0x0000025F9ACC8640>, 'PRAGMA main.table_info("security_events")', ())\n2026-04-23 18:09:28 | DEBUG | aiosqlite | request_id= workspace_id= user_id= | operation functools.partial(<built-in method execute of sqlite3.Cursor object at 0x0000025F9ACC8640>, 'PRAGMA main.table_info("security_events")', ()) completed\n2026-04-23 18:09:28 | DEBUG | aiosqlite | request_id= workspace_id= user_id= | executing functools.partial(<built-in method fetchall of sqlite3.Cursor object at 0x0000025F9ACC8640>)\n2026-04-23 18:09:28 | DEBUG | aiosqlite | request_id= workspace_id= user_id= | operation functools.partial(<built-in method fetchall of sqlite3.Cursor object at 0x0000025F9ACC8640>) completed\n2026-04-23 18:09:28 | DEBUG | aiosqlite | request_id= workspace_id= user_id= | executing functools.partial(<built-in method close of sqlite3.Cursor object at 0x0000025F9ACC8640>)\n2026-04-23 18:09:28 | DEBUG | aiosqlite | request_id= workspace_id= user_id= | operation functools.partial(<built-in method close of sqlite3.Cursor object at 0x0000025F9ACC8640>) completed\n2026-04-23 18:09:28 | DEBUG | aiosqlite | request_id= workspace_id= user_id= | executing functools.partial(<built-in method cursor of sqlite3.Connection object at 0x0000025F9ACC4F40>)\n2026-04-23 18:09:28 | DEBUG | aiosqlite | request_id= workspace_id= user_id= | operation functools.partial(<built-in method cursor of sqlite3.Connection object at 0x0000025F9ACC4F40>) completed\n2026-04-23 18:09:28 | DEBUG | aiosqlite | request_id= workspace_id= user_id= | executing functools.partial(<built-in method execute of sqlite3.Cursor object at 0x0000025F9ACC85C0>, 'PRAGMA main.table_info("workspace_members")', ())\n2026-04-23 18:09:28 | DEBUG | aiosqlite | request_id= workspace_id= user_id= | operation functools.partial(<built-in method execute of sqlite3.Cursor object at 0x0000025F9ACC85C0>, 'PRAGMA main.table_info("workspace_members")', ()) completed\n2026-04-23 18:09:28 | DEBUG | aiosqlite | request_id= workspace_id= user_id= | executing functools.partial(<built-in method fetchall of sqlite3.Cursor object at 0x0000025F9ACC85C0>)\n2026-04-23 18:09:28 | DEBUG | aiosqlite | request_id= workspace_id= user_id= | operation functools.partial(<built-in method fetchall of sqlite3.Cursor object at 0x0000025F9ACC85C0>) completed\n2026-04-23 18:09:28 | DEBUG | aiosqlite | request_id= workspace_id= user_id= | executing functools.partial(<built-in method close of sqlite3.Cursor object at 0x0000025F9ACC85C0>)\n2026-04-23 18:09:28 | DEBUG | aiosqlite | request_id= workspace_id= user_id= | operation functools.partial(<built-in method close of sqlite3.Cursor object at 0x0000025F9ACC85C0>) completed\n2026-04-23 18:09:28 | DEBUG | aiosqlite | request_id= workspace_id= user_id= | executing functools.partial(<built-in method cursor of sqlite3.Connection object at 0x0000025F9ACC4F40>)\n2026-04-23 18:09:28 | DEBUG | aiosqlite | request_id= workspace_id= user_id= | operation functools.partial(<built-in method cursor of sqlite3.Connection object at 0x0000025F9ACC4F40>) completed\n2026-04-23 18:09:28 | DEBUG | aiosqlite | request_id= workspace_id= user_id= | executing functools.partial(<built-in method execute of sqlite3.Cursor object at 0x0000025F9ACC87C0>, 'PRAGMA main.table_info("workspaces")', ())\n2026-04-23 18:09:28 | DEBUG | aiosqlite | request_id= workspace_id= user_id= | operation functools.partial(<built-in method execute of sqlite3.Cursor object at 0x0000025F9ACC87C0>, 'PRAGMA main.table_info("workspaces")', ()) completed\n2026-04-23 18:09:28 | DEBUG | aiosqlite | request_id= workspace_id= user_id= | executing functools.partial(<built-in method fetchall of sqlite3.Cursor object at 0x0000025F9ACC87C0>)\n2026-04-23 18:09:28 | DEBUG | aiosqlite | request_id= workspace_id= user_id= | operation functools.partial(<built-in method fetchall of sqlite3.Cursor object at 0x0000025F9ACC87C0>) completed\n2026-04-23 18:09:28 | DEBUG | aiosqlite | request_id= workspace_id= user_id= | executing functools.partial(<built-in method close of sqlite3.Cursor object at 0x0000025F9ACC87C0>)\n2026-04-23 18:09:28 | DEBUG | aiosqlite | request_id= workspace_id= user_id= | operation functools.partial(<built-in method close of sqlite3.Cursor object at 0x0000025F9ACC87C0>) completed\n2026-04-23 18:09:28 | DEBUG | aiosqlite | request_id= workspace_id= user_id= | executing functools.partial(<built-in method cursor of sqlite3.Connection object at 0x0000025F9ACC4F40>)\n2026-04-23 18:09:28 | DEBUG | aiosqlite | request_id= workspace_id= user_id= | operation functools.partial(<built-in method cursor of sqlite3.Connection object at 0x0000025F9ACC4F40>) completed\n2026-04-23 18:09:28 | DEBUG | aiosqlite | request_id= workspace_id= user_id= | executing functools.partial(<built-in method execute of sqlite3.Cursor object at 0x0000025F9ACC8740>, 'PRAGMA main.table_info("subscriptions")', ())\n2026-04-23 18:09:28 | DEBUG | aiosqlite | request_id= workspace_id= user_id= | operation functools.partial(<built-in method execute of sqlite3.Cursor object at 0x0000025F9ACC8740>, 'PRAGMA main.table_info("subscriptions")', ()) completed\n2026-04-23 18:09:28 | DEBUG | aiosqlite | request_id= workspace_id= user_id= | executing functools.partial(<built-in method fetchall of sqlite3.Cursor object at 0x0000025F9ACC8740>)\n2026-04-23 18:09:28 | DEBUG | aiosqlite | request_id= workspace_id= user_id= | operation functools.partial(<built-in method fetchall of sqlite3.Cursor object at 0x0000025F9ACC8740>) completed\n2026-04-23 18:09:28 | DEBUG | aiosqlite | request_id= workspace_id= user_id= | executing functools.partial(<built-in method close of sqlite3.Cursor object at 0x0000025F9ACC8740>)\n2026-04-23 18:09:28 | DEBUG | aiosqlite | request_id= workspace_id= user_id= | operation functools.partial(<built-in method close of sqlite3.Cursor object at 0x0000025F9ACC8740>) completed\n2026-04-23 18:09:28 | DEBUG | aiosqlite | request_id= workspace_id= user_id= | executing functools.partial(<built-in method cursor of sqlite3.Connection object at 0x0000025F9ACC4F40>)\n2026-04-23 18:09:28 | DEBUG | aiosqlite | request_id= workspace_id= user_id= | operation functools.partial(<built-in method cursor of sqlite3.Connection object at 0x0000025F9ACC4F40>) completed\n2026-04-23 18:09:28 | DEBUG | aiosqlite | request_id= workspace_id= user_id= | executing functools.partial(<built-in method execute of sqlite3.Cursor object at 0x0000025F9ACC8540>, 'PRAGMA main.table_info("users")', ())\n2026-04-23 18:09:28 | DEBUG | aiosqlite | request_id= workspace_id= user_id= | operation functools.partial(<built-in method execute of sqlite3.Cursor object at 0x0000025F9ACC8540>, 'PRAGMA main.table_info("users")', ()) completed\n2026-04-23 18:09:28 | DEBUG | aiosqlite | request_id= workspace_id= user_id= | executing functools.partial(<built-in method fetchall of sqlite3.Cursor object at 0x0000025F9ACC8540>)\n2026-04-23 18:09:28 | DEBUG | aiosqlite | request_id= workspace_id= user_id= | operation functools.partial(<built-in method fetchall of sqlite3.Cursor object at 0x0000025F9ACC8540>) completed\n2026-04-23 18:09:28 | DEBUG | aiosqlite | request_id= workspace_id= user_id= | executing functools.partial(<built-in method close of sqlite3.Cursor object at 0x0000025F9ACC8540>)\n2026-04-23 18:09:28 | DEBUG | aiosqlite | request_id= workspace_id= user_id= | operation functools.partial(<built-in method close of sqlite3.Cursor object at 0x0000025F9ACC8540>) completed\n2026-04-23 18:09:28 | DEBUG | aiosqlite | request_id= workspace_id= user_id= | executing functools.partial(<built-in method cursor of sqlite3.Connection object at 0x0000025F9ACC4F40>)\n2026-04-23 18:09:28 | DEBUG | aiosqlite | request_id= workspace_id= user_id= | operation functools.partial(<built-in method cursor of sqlite3.Connection object at 0x0000025F9ACC4F40>) completed\n2026-04-23 18:09:28 | DEBUG | aiosqlite | request_id= workspace_id= user_id= | executing functools.partial(<built-in method execute of sqlite3.Cursor object at 0x0000025F9ACC8840>, 'PRAGMA main.table_info("oidc_states")', ())\n2026-04-23 18:09:28 | DEBUG | aiosqlite | request_id= workspace_id= user_id= | operation functools.partial(<built-in method execute of sqlite3.Cursor object at 0x0000025F9ACC8840>, 'PRAGMA main.table_info("oidc_states")', ()) completed\n2026-04-23 18:09:28 | DEBUG | aiosqlite | request_id= workspace_id= user_id= | executing functools.partial(<built-in method fetchall of sqlite3.Cursor object at 0x0000025F9ACC8840>)\n2026-04-23 18:09:28 | DEBUG | aiosqlite | request_id= workspace_id= user_id= | operation functools.partial(<built-in method fetchall of sqlite3.Cursor object at 0x0000025F9ACC8840>) completed\n2026-04-23 18:09:28 | DEBUG | aiosqlite | request_id= workspace_id= user_id= | executing functools.partial(<built-in method close of sqlite3.Cursor object at 0x0000025F9ACC8840>)\n2026-04-23 18:09:28 | DEBUG | aiosqlite | request_id= workspace_id= user_id= | operation functools.partial(<built-in method close of sqlite3.Cursor object at 0x0000025F9ACC8840>) completed\n2026-04-23 18:09:28 | DEBUG | aiosqlite | request_id= workspace_id= user_id= | executing functools.partial(<built-in method cursor of sqlite3.Connection object at 0x0000025F9ACC4F40>)\n2026-04-23 18:09:28 | DEBUG | aiosqlite | request_id= workspace_id= user_id= | operation functools.partial(<built-in method cursor of sqlite3.Connection object at 0x0000025F9ACC4F40>) completed\n2026-04-23 18:09:28 | DEBUG | aiosqlite | request_id= workspace_id= user_id= | executing functools.partial(<built-in method execute of sqlite3.Cursor object at 0x0000025F9ACC88C0>, 'PRAGMA main.table_info("activities")', ())\n2026-04-23 18:09:28 | DEBUG | aiosqlite | request_id= workspace_id= user_id= | operation functools.partial(<built-in method execute of sqlite3.Cursor object at 0x0000025F9ACC88C0>, 'PRAGMA main.table_info("activities")', ()) completed\n2026-04-23 18:09:28 | DEBUG | aiosqlite | request_id= workspace_id= user_id= | executing functools.partial(<built-in method fetchall of sqlite3.Cursor object at 0x0000025F9ACC88C0>)\n2026-04-23 18:09:28 | DEBUG | aiosqlite | request_id= workspace_id= user_id= | operation functools.partial(<built-in method fetchall of sqlite3.Cursor object at 0x0000025F9ACC88C0>) completed\n2026-04-23 18:09:28 | DEBUG | aiosqlite | request_id= workspace_id= user_id= | executing functools.partial(<built-in method close of sqlite3.Cursor object at 0x0000025F9ACC88C0>)\n2026-04-23 18:09:28 | DEBUG | aiosqlite | request_id= workspace_id= user_id= | operation functools.partial(<built-in method close of sqlite3.Cursor object at 0x0000025F9ACC88C0>) completed\n2026-04-23 18:09:28 | DEBUG | aiosqlite | request_id= workspace_id= user_id= | executing functools.partial(<built-in method cursor of sqlite3.Connection object at 0x0000025F9ACC4F40>)\n2026-04-23 18:09:28 | DEBUG | aiosqlite | request_id= workspace_id= user_id= | operation functools.partial(<built-in method cursor of sqlite3.Connection object at 0x0000025F9ACC4F40>) completed\n2026-04-23 18:09:28 | DEBUG | aiosqlite | request_id= workspace_id= user_id= | executing functools.partial(<built-in method execute of sqlite3.Cursor object at 0x0000025F9ACC8940>, 'PRAGMA main.table_info("contacts")', ())\n2026-04-23 18:09:28 | DEBUG | aiosqlite | request_id= workspace_id= user_id= | operation functools.partial(<built-in method execute of sqlite3.Cursor object at 0x0000025F9ACC8940>, 'PRAGMA main.table_info("contacts")', ()) completed\n2026-04-23 18:09:28 | DEBUG | aiosqlite | request_id= workspace_id= user_id= | executing functools.partial(<built-in method fetchall of sqlite3.Cursor object at 0x0000025F9ACC8940>)\n2026-04-23 18:09:28 | DEBUG | aiosqlite | request_id= workspace_id= user_id= | operation functools.partial(<built-in method fetchall of sqlite3.Cursor object at 0x0000025F9ACC8940>) completed\n2026-04-23 18:09:28 | DEBUG | aiosqlite | request_id= workspace_id= user_id= | executing functools.partial(<built-in method close of sqlite3.Cursor object at 0x0000025F9ACC8940>)\n2026-04-23 18:09:28 | DEBUG | aiosqlite | request_id= workspace_id= user_id= | operation functools.partial(<built-in method close of sqlite3.Cursor object at 0x0000025F9ACC8940>) completed\n2026-04-23 18:09:28 | DEBUG | aiosqlite | request_id= workspace_id= user_id= | executing functools.partial(<built-in method cursor of sqlite3.Connection object at 0x0000025F9ACC4F40>)\n2026-04-23 18:09:28 | DEBUG | aiosqlite | request_id= workspace_id= user_id= | operation functools.partial(<built-in method cursor of sqlite3.Connection object at 0x0000025F9ACC4F40>) completed\n2026-04-23 18:09:28 | DEBUG | aiosqlite | request_id= workspace_id= user_id= | executing functools.partial(<built-in method execute of sqlite3.Cursor object at 0x0000025F9ACC8A40>, 'PRAGMA main.table_info("deals")', ())\n2026-04-23 18:09:28 | DEBUG | aiosqlite | request_id= workspace_id= user_id= | operation functools.partial(<built-in method execute of sqlite3.Cursor object at 0x0000025F9ACC8A40>, 'PRAGMA main.table_info("deals")', ()) completed\n2026-04-23 18:09:28 | DEBUG | aiosqlite | request_id= workspace_id= user_id= | executing functools.partial(<built-in method fetchall of sqlite3.Cursor object at 0x0000025F9ACC8A40>)\n2026-04-23 18:09:28 | DEBUG | aiosqlite | request_id= workspace_id= user_id= | operation functools.partial(<built-in method fetchall of sqlite3.Cursor object at 0x0000025F9ACC8A40>) completed\n2026-04-23 18:09:28 | DEBUG | aiosqlite | request_id= workspace_id= user_id= | executing functools.partial(<built-in method close of sqlite3.Cursor object at 0x0000025F9ACC8A40>)\n2026-04-23 18:09:28 | DEBUG | aiosqlite | request_id= workspace_id= user_id= | operation functools.partial(<built-in method close of sqlite3.Cursor object at 0x0000025F9ACC8A40>) completed\n2026-04-23 18:09:28 | DEBUG | aiosqlite | request_id= workspace_id= user_id= | executing functools.partial(<built-in method cursor of sqlite3.Connection object at 0x0000025F9ACC4F40>)\n2026-04-23 18:09:28 | DEBUG | aiosqlite | request_id= workspace_id= user_id= | operation functools.partial(<built-in method cursor of sqlite3.Connection object at 0x0000025F9ACC4F40>) completed\n2026-04-23 18:09:28 | DEBUG | aiosqlite | request_id= workspace_id= user_id= | executing functools.partial(<built-in method execute of sqlite3.Cursor object at 0x0000025F9ACC89C0>, 'PRAGMA main.table_info("report_items")', ())\n2026-04-23 18:09:28 | DEBUG | aiosqlite | request_id= workspace_id= user_id= | operation functools.partial(<built-in method execute of sqlite3.Cursor object at 0x0000025F9ACC89C0>, 'PRAGMA main.table_info("report_items")', ()) completed\n2026-04-23 18:09:28 | DEBUG | aiosqlite | request_id= workspace_id= user_id= | executing functools.partial(<built-in method fetchall of sqlite3.Cursor object at 0x0000025F9ACC89C0>)\n2026-04-23 18:09:28 | DEBUG | aiosqlite | request_id= workspace_id= user_id= | operation functools.partial(<built-in method fetchall of sqlite3.Cursor object at 0x0000025F9ACC89C0>) completed\n2026-04-23 18:09:28 | DEBUG | aiosqlite | request_id= workspace_id= user_id= | executing functools.partial(<built-in method close of sqlite3.Cursor object at 0x0000025F9ACC89C0>)\n2026-04-23 18:09:28 | DEBUG | aiosqlite | request_id= workspace_id= user_id= | operation functools.partial(<built-in method close of sqlite3.Cursor object at 0x0000025F9ACC89C0>) completed\n2026-04-23 18:09:28 | DEBUG | aiosqlite | request_id= workspace_id= user_id= | executing functools.partial(<built-in method cursor of sqlite3.Connection object at 0x0000025F9ACC4F40>)\n2026-04-23 18:09:28 | DEBUG | aiosqlite | request_id= workspace_id= user_id= | operation functools.partial(<built-in method cursor of sqlite3.Connection object at 0x0000025F9ACC4F40>) completed\n2026-04-23 18:09:28 | DEBUG | aiosqlite | request_id= workspace_id= user_id= | executing functools.partial(<built-in method execute of sqlite3.Cursor object at 0x0000025F9ACC8AC0>, 'PRAGMA main.table_info("blog_posts")', ())\n2026-04-23 18:09:28 | DEBUG | aiosqlite | request_id= workspace_id= user_id= | operation functools.partial(<built-in method execute of sqlite3.Cursor object at 0x0000025F9ACC8AC0>, 'PRAGMA main.table_info("blog_posts")', ()) completed\n2026-04-23 18:09:28 | DEBUG | aiosqlite | request_id= workspace_id= user_id= | executing functools.partial(<built-in method fetchall of sqlite3.Cursor object at 0x0000025F9ACC8AC0>)\n2026-04-23 18:09:28 | DEBUG | aiosqlite | request_id= workspace_id= user_id= | operation functools.partial(<built-in method fetchall of sqlite3.Cursor object at 0x0000025F9ACC8AC0>) completed\n2026-04-23 18:09:28 | DEBUG | aiosqlite | request_id= workspace_id= user_id= | executing functools.partial(<built-in method close of sqlite3.Cursor object at 0x0000025F9ACC8AC0>)\n2026-04-23 18:09:28 | DEBUG | aiosqlite | request_id= workspace_id= user_id= | operation functools.partial(<built-in method close of sqlite3.Cursor object at 0x0000025F9ACC8AC0>) completed\n2026-04-23 18:09:28 | DEBUG | aiosqlite | request_id= workspace_id= user_id= | executing functools.partial(<built-in method cursor of sqlite3.Connection object at 0x0000025F9ACC4F40>)\n2026-04-23 18:09:28 | DEBUG | aiosqlite | request_id= workspace_id= user_id= | operation functools.partial(<built-in method cursor of sqlite3.Connection object at 0x0000025F9ACC4F40>) completed\n2026-04-23 18:09:28 | DEBUG | aiosqlite | request_id= workspace_id= user_id= | executing functools.partial(<built-in method execute of sqlite3.Cursor object at 0x0000025F9ACC8B40>, 'PRAGMA main.table_info("calendar_events")', ())\n2026-04-23 18:09:28 | DEBUG | aiosqlite | request_id= workspace_id= user_id= | operation functools.partial(<built-in method execute of sqlite3.Cursor object at 0x0000025F9ACC8B40>, 'PRAGMA main.table_info("calendar_events")', ()) completed\n2026-04-23 18:09:28 | DEBUG | aiosqlite | request_id= workspace_id= user_id= | executing functools.partial(<built-in method fetchall of sqlite3.Cursor object at 0x0000025F9ACC8B40>)\n2026-04-23 18:09:28 | DEBUG | aiosqlite | request_id= workspace_id= user_id= | operation functools.partial(<built-in method fetchall of sqlite3.Cursor object at 0x0000025F9ACC8B40>) completed\n2026-04-23 18:09:28 | DEBUG | aiosqlite | request_id= workspace_id= user_id= | executing functools.partial(<built-in method close of sqlite3.Cursor object at 0x0000025F9ACC8B40>)\n2026-04-23 18:09:28 | DEBUG | aiosqlite | request_id= workspace_id= user_id= | operation functools.partial(<built-in method close of sqlite3.Cursor object at 0x0000025F9ACC8B40>) completed\n2026-04-23 18:09:28 | DEBUG | aiosqlite | request_id= workspace_id= user_id= | executing functools.partial(<built-in method cursor of sqlite3.Connection object at 0x0000025F9ACC4F40>)\n2026-04-23 18:09:28 | DEBUG | aiosqlite | request_id= workspace_id= user_id= | operation functools.partial(<built-in method cursor of sqlite3.Connection object at 0x0000025F9ACC4F40>) completed\n2026-04-23 18:09:28 | DEBUG | aiosqlite | request_id= workspace_id= user_id= | executing functools.partial(<built-in method execute of sqlite3.Cursor object at 0x0000025F9ACC8BC0>, 'PRAGMA main.table_info("appointments")', ())\n2026-04-23 18:09:28 | DEBUG | aiosqlite | request_id= workspace_id= user_id= | operation functools.partial(<built-in method execute of sqlite3.Cursor object at 0x0000025F9ACC8BC0>, 'PRAGMA main.table_info("appointments")', ()) completed\n2026-04-23 18:09:28 | DEBUG | aiosqlite | request_id= workspace_id= user_id= | executing functools.partial(<built-in method fetchall of sqlite3.Cursor object at 0x0000025F9ACC8BC0>)\n2026-04-23 18:09:28 | DEBUG | aiosqlite | request_id= workspace_id= user_id= | operation functools.partial(<built-in method fetchall of sqlite3.Cursor object at 0x0000025F9ACC8BC0>) completed\n2026-04-23 18:09:28 | DEBUG | aiosqlite | request_id= workspace_id= user_id= | executing functools.partial(<built-in method close of sqlite3.Cursor object at 0x0000025F9ACC8BC0>)\n2026-04-23 18:09:28 | DEBUG | aiosqlite | request_id= workspace_id= user_id= | operation functools.partial(<built-in method close of sqlite3.Cursor object at 0x0000025F9ACC8BC0>) completed\n2026-04-23 18:09:28 | DEBUG | aiosqlite | request_id= workspace_id= user_id= | executing functools.partial(<built-in method cursor of sqlite3.Connection object at 0x0000025F9ACC4F40>)\n2026-04-23 18:09:28 | DEBUG | aiosqlite | request_id= workspace_id= user_id= | operation functools.partial(<built-in method cursor of sqlite3.Connection object at 0x0000025F9ACC4F40>) completed\n2026-04-23 18:09:28 | DEBUG | aiosqlite | request_id= workspace_id= user_id= | executing functools.partial(<built-in method execute of sqlite3.Cursor object at 0x0000025F9ACC86C0>, 'PRAGMA main.table_info("automation_jobs")', ())\n2026-04-23 18:09:28 | DEBUG | aiosqlite | request_id= workspace_id= user_id= | operation functools.partial(<built-in method execute of sqlite3.Cursor object at 0x0000025F9ACC86C0>, 'PRAGMA main.table_info("automation_jobs")', ()) completed\n2026-04-23 18:09:28 | DEBUG | aiosqlite | request_id= workspace_id= user_id= | executing functools.partial(<built-in method fetchall of sqlite3.Cursor object at 0x0000025F9ACC86C0>)\n2026-04-23 18:09:28 | DEBUG | aiosqlite | request_id= workspace_id= user_id= | operation functools.partial(<built-in method fetchall of sqlite3.Cursor object at 0x0000025F9ACC86C0>) completed\n2026-04-23 18:09:28 | DEBUG | aiosqlite | request_id= workspace_id= user_id= | executing functools.partial(<built-in method close of sqlite3.Cursor object at 0x0000025F9ACC86C0>)\n2026-04-23 18:09:28 | DEBUG | aiosqlite | request_id= workspace_id= user_id= | operation functools.partial(<built-in method close of sqlite3.Cursor object at 0x0000025F9ACC86C0>) completed\n2026-04-23 18:09:28 | DEBUG | aiosqlite | request_id= workspace_id= user_id= | executing functools.partial(<built-in method cursor of sqlite3.Connection object at 0x0000025F9ACC4F40>)\n2026-04-23 18:09:28 | DEBUG | aiosqlite | request_id= workspace_id= user_id= | operation functools.partial(<built-in method cursor of sqlite3.Connection object at 0x0000025F9ACC4F40>) completed\n2026-04-23 18:09:28 | DEBUG | aiosqlite | request_id= workspace_id= user_id= | executing functools.partial(<built-in method execute of sqlite3.Cursor object at 0x0000025F9ACC8C40>, 'PRAGMA main.table_info("automation_webhooks")', ())\n2026-04-23 18:09:28 | DEBUG | aiosqlite | request_id= workspace_id= user_id= | operation functools.partial(<built-in method execute of sqlite3.Cursor object at 0x0000025F9ACC8C40>, 'PRAGMA main.table_info("automation_webhooks")', ()) completed\n2026-04-23 18:09:28 | DEBUG | aiosqlite | request_id= workspace_id= user_id= | executing functools.partial(<built-in method fetchall of sqlite3.Cursor object at 0x0000025F9ACC8C40>)\n2026-04-23 18:09:28 | DEBUG | aiosqlite | request_id= workspace_id= user_id= | operation functools.partial(<built-in method fetchall of sqlite3.Cursor object at 0x0000025F9ACC8C40>) completed\n2026-04-23 18:09:28 | DEBUG | aiosqlite | request_id= workspace_id= user_id= | executing functools.partial(<built-in method close of sqlite3.Cursor object at 0x0000025F9ACC8C40>)\n2026-04-23 18:09:28 | DEBUG | aiosqlite | request_id= workspace_id= user_id= | operation functools.partial(<built-in method close of sqlite3.Cursor object at 0x0000025F9ACC8C40>) completed\n2026-04-23 18:09:28 | DEBUG | aiosqlite | request_id= workspace_id= user_id= | executing functools.partial(<built-in method cursor of sqlite3.Connection object at 0x0000025F9ACC4F40>)\n2026-04-23 18:09:28 | DEBUG | aiosqlite | request_id= workspace_id= user_id= | operation functools.partial(<built-in method cursor of sqlite3.Connection object at 0x0000025F9ACC4F40>) completed\n2026-04-23 18:09:28 | DEBUG | aiosqlite | request_id= workspace_id= user_id= | executing functools.partial(<built-in method execute of sqlite3.Cursor object at 0x0000025F9ACC8CC0>, 'PRAGMA main.table_info("nelvyon_clients")', ())\n2026-04-23 18:09:28 | DEBUG | aiosqlite | request_id= workspace_id= user_id= | operation functools.partial(<built-in method execute of sqlite3.Cursor object at 0x0000025F9ACC8CC0>, 'PRAGMA main.table_info("nelvyon_clients")', ()) completed\n2026-04-23 18:09:28 | DEBUG | aiosqlite | request_id= workspace_id= user_id= | executing functools.partial(<built-in method fetchall of sqlite3.Cursor object at 0x0000025F9ACC8CC0>)\n2026-04-23 18:09:28 | DEBUG | aiosqlite | request_id= workspace_id= user_id= | operation functools.partial(<built-in method fetchall of sqlite3.Cursor object at 0x0000025F9ACC8CC0>) completed\n2026-04-23 18:09:28 | DEBUG | aiosqlite | request_id= workspace_id= user_id= | executing functools.partial(<built-in method close of sqlite3.Cursor object at 0x0000025F9ACC8CC0>)\n2026-04-23 18:09:28 | DEBUG | aiosqlite | request_id= workspace_id= user_id= | operation functools.partial(<built-in method close of sqlite3.Cursor object at 0x0000025F9ACC8CC0>) completed\n2026-04-23 18:09:28 | DEBUG | aiosqlite | request_id= workspace_id= user_id= | executing functools.partial(<built-in method cursor of sqlite3.Connection object at 0x0000025F9ACC4F40>)\n2026-04-23 18:09:28 | DEBUG | aiosqlite | request_id= workspace_id= user_id= | operation functools.partial(<built-in method cursor of sqlite3.Connection object at 0x0000025F9ACC4F40>) completed\n2026-04-23 18:09:28 | DEBUG | aiosqlite | request_id= workspace_id= user_id= | executing functools.partial(<built-in method execute of sqlite3.Cursor object at 0x0000025F9AC717C0>, 'PRAGMA main.table_info("nelvyon_projects")', ())\n2026-04-23 18:09:28 | DEBUG | aiosqlite | request_id= workspace_id= user_id= | operation functools.partial(<built-in method execute of sqlite3.Cursor object at 0x0000025F9AC717C0>, 'PRAGMA main.table_info("nelvyon_projects")', ()) completed\n2026-04-23 18:09:28 | DEBUG | aiosqlite | request_id= workspace_id= user_id= | executing functools.partial(<built-in method fetchall of sqlite3.Cursor object at 0x0000025F9AC717C0>)\n2026-04-23 18:09:28 | DEBUG | aiosqlite | request_id= workspace_id= user_id= | operation functools.partial(<built-in method fetchall of sqlite3.Cursor object at 0x0000025F9AC717C0>) completed\n2026-04-23 18:09:28 | DEBUG | aiosqlite | request_id= workspace_id= user_id= | executing functools.partial(<built-in method close of sqlite3.Cursor object at 0x0000025F9AC717C0>)\n2026-04-23 18:09:28 | DEBUG | aiosqlite | request_id= workspace_id= user_id= | operation functools.partial(<built-in method close of sqlite3.Cursor object at 0x0000025F9AC717C0>) completed\n2026-04-23 18:09:28 | DEBUG | aiosqlite | request_id= workspace_id= user_id= | executing functools.partial(<built-in method cursor of sqlite3.Connection object at 0x0000025F9ACC4F40>)\n2026-04-23 18:09:28 | DEBUG | aiosqlite | request_id= workspace_id= user_id= | operation functools.partial(<built-in method cursor of sqlite3.Connection object at 0x0000025F9ACC4F40>) completed\n2026-04-23 18:09:28 | DEBUG | aiosqlite | request_id= workspace_id= user_id= | executing functools.partial(<built-in method execute of sqlite3.Cursor object at 0x0000025F9AC0D8C0>, 'PRAGMA main.table_info("nelvyon_outputs")', ())\n2026-04-23 18:09:28 | DEBUG | aiosqlite | request_id= workspace_id= user_id= | operation functools.partial(<built-in method execute of sqlite3.Cursor object at 0x0000025F9AC0D8C0>, 'PRAGMA main.table_info("nelvyon_outputs")', ()) completed\n2026-04-23 18:09:28 | DEBUG | aiosqlite | request_id= workspace_id= user_id= | executing functools.partial(<built-in method fetchall of sqlite3.Cursor object at 0x0000025F9AC0D8C0>)\n2026-04-23 18:09:28 | DEBUG | aiosqlite | request_id= workspace_id= user_id= | operation functools.partial(<built-in method fetchall of sqlite3.Cursor object at 0x0000025F9AC0D8C0>) completed\n2026-04-23 18:09:28 | DEBUG | aiosqlite | request_id= workspace_id= user_id= | executing functools.partial(<built-in method close of sqlite3.Cursor object at 0x0000025F9AC0D8C0>)\n2026-04-23 18:09:28 | DEBUG | aiosqlite | request_id= workspace_id= user_id= | operation functools.partial(<built-in method close of sqlite3.Cursor object at 0x0000025F9AC0D8C0>) completed\n2026-04-23 18:09:28 | DEBUG | aiosqlite | request_id= workspace_id= user_id= | executing functools.partial(<built-in method cursor of sqlite3.Connection object at 0x0000025F9ACC4F40>)\n2026-04-23 18:09:28 | DEBUG | aiosqlite | request_id= workspace_id= user_id= | operation functools.partial(<built-in method cursor of sqlite3.Connection object at 0x0000025F9ACC4F40>) completed\n2026-04-23 18:09:28 | DEBUG | aiosqlite | request_id= workspace_id= user_id= | executing functools.partial(<built-in method execute of sqlite3.Cursor object at 0x0000025F9AC1FE40>, 'PRAGMA main.table_info("campaigns")', ())\n2026-04-23 18:09:28 | DEBUG | aiosqlite | request_id= workspace_id= user_id= | operation functools.partial(<built-in method execute of sqlite3.Cursor object at 0x0000025F9AC1FE40>, 'PRAGMA main.table_info("campaigns")', ()) completed\n2026-04-23 18:09:28 | DEBUG | aiosqlite | request_id= workspace_id= user_id= | executing functools.partial(<built-in method fetchall of sqlite3.Cursor object at 0x0000025F9AC1FE40>)\n2026-04-23 18:09:28 | DEBUG | aiosqlite | request_id= workspace_id= user_id= | operation functools.partial(<built-in method fetchall of sqlite3.Cursor object at 0x0000025F9AC1FE40>) completed\n2026-04-23 18:09:28 | DEBUG | aiosqlite | request_id= workspace_id= user_id= | executing functools.partial(<built-in method close of sqlite3.Cursor object at 0x0000025F9AC1FE40>)\n2026-04-23 18:09:28 | DEBUG | aiosqlite | request_id= workspace_id= user_id= | operation functools.partial(<built-in method close of sqlite3.Cursor object at 0x0000025F9AC1FE40>) completed\n2026-04-23 18:09:28 | DEBUG | aiosqlite | request_id= workspace_id= user_id= | executing functools.partial(<built-in method cursor of sqlite3.Connection object at 0x0000025F9ACC4F40>)\n2026-04-23 18:09:28 | DEBUG | aiosqlite | request_id= workspace_id= user_id= | operation functools.partial(<built-in method cursor of sqlite3.Connection object at 0x0000025F9ACC4F40>) completed\n2026-04-23 18:09:28 | DEBUG | aiosqlite | request_id= workspace_id= user_id= | executing functools.partial(<built-in method execute of sqlite3.Cursor object at 0x0000025F9AC1FD40>, 'PRAGMA main.table_info("workflow_rules")', ())\n2026-04-23 18:09:28 | DEBUG | aiosqlite | request_id= workspace_id= user_id= | operation functools.partial(<built-in method execute of sqlite3.Cursor object at 0x0000025F9AC1FD40>, 'PRAGMA main.table_info("workflow_rules")', ()) completed\n2026-04-23 18:09:28 | DEBUG | aiosqlite | request_id= workspace_id= user_id= | executing functools.partial(<built-in method fetchall of sqlite3.Cursor object at 0x0000025F9AC1FD40>)\n2026-04-23 18:09:28 | DEBUG | aiosqlite | request_id= workspace_id= user_id= | operation functools.partial(<built-in method fetchall of sqlite3.Cursor object at 0x0000025F9AC1FD40>) completed\n2026-04-23 18:09:28 | DEBUG | aiosqlite | request_id= workspace_id= user_id= | executing functools.partial(<built-in method close of sqlite3.Cursor object at 0x0000025F9AC1FD40>)\n2026-04-23 18:09:28 | DEBUG | aiosqlite | request_id= workspace_id= user_id= | operation functools.partial(<built-in method close of sqlite3.Cursor object at 0x0000025F9AC1FD40>) completed\n2026-04-23 18:09:28 | DEBUG | aiosqlite | request_id= workspace_id= user_id= | executing functools.partial(<built-in method cursor of sqlite3.Connection object at 0x0000025F9ACC4F40>)\n2026-04-23 18:09:28 | DEBUG | aiosqlite | request_id= workspace_id= user_id= | operation functools.partial(<built-in method cursor of sqlite3.Connection object at 0x0000025F9ACC4F40>) completed\n2026-04-23 18:09:28 | DEBUG | aiosqlite | request_id= workspace_id= user_id= | executing functools.partial(<built-in method execute of sqlite3.Cursor object at 0x0000025F9ABF10C0>, 'PRAGMA main.table_info("workflow_executions")', ())\n2026-04-23 18:09:28 | DEBUG | aiosqlite | request_id= workspace_id= user_id= | operation functools.partial(<built-in method execute of sqlite3.Cursor object at 0x0000025F9ABF10C0>, 'PRAGMA main.table_info("workflow_executions")', ()) completed\n2026-04-23 18:09:28 | DEBUG | aiosqlite | request_id= workspace_id= user_id= | executing functools.partial(<built-in method fetchall of sqlite3.Cursor object at 0x0000025F9ABF10C0>)\n2026-04-23 18:09:28 | DEBUG | aiosqlite | request_id= workspace_id= user_id= | operation functools.partial(<built-in method fetchall of sqlite3.Cursor object at 0x0000025F9ABF10C0>) completed\n2026-04-23 18:09:28 | DEBUG | aiosqlite | request_id= workspace_id= user_id= | executing functools.partial(<built-in method close of sqlite3.Cursor object at 0x0000025F9ABF10C0>)\n2026-04-23 18:09:28 | DEBUG | aiosqlite | request_id= workspace_id= user_id= | operation functools.partial(<built-in method close of sqlite3.Cursor object at 0x0000025F9ABF10C0>) completed\n2026-04-23 18:09:28 | DEBUG | aiosqlite | request_id= workspace_id= user_id= | executing functools.partial(<built-in method cursor of sqlite3.Connection object at 0x0000025F9ACC4F40>)\n2026-04-23 18:09:28 | DEBUG | aiosqlite | request_id= workspace_id= user_id= | operation functools.partial(<built-in method cursor of sqlite3.Connection object at 0x0000025F9ACC4F40>) completed\n2026-04-23 18:09:28 | DEBUG | aiosqlite | request_id= workspace_id= user_id= | executing functools.partial(<built-in method execute of sqlite3.Cursor object at 0x0000025F9ABF0440>, 'PRAGMA main.table_info("email_queue")', ())\n2026-04-23 18:09:28 | DEBUG | aiosqlite | request_id= workspace_id= user_id= | operation functools.partial(<built-in method execute of sqlite3.Cursor object at 0x0000025F9ABF0440>, 'PRAGMA main.table_info("email_queue")', ()) completed\n2026-04-23 18:09:28 | DEBUG | aiosqlite | request_id= workspace_id= user_id= | executing functools.partial(<built-in method fetchall of sqlite3.Cursor object at 0x0000025F9ABF0440>)\n2026-04-23 18:09:28 | DEBUG | aiosqlite | request_id= workspace_id= user_id= | operation functools.partial(<built-in method fetchall of sqlite3.Cursor object at 0x0000025F9ABF0440>) completed\n2026-04-23 18:09:28 | DEBUG | aiosqlite | request_id= workspace_id= user_id= | executing functools.partial(<built-in method close of sqlite3.Cursor object at 0x0000025F9ABF0440>)\n2026-04-23 18:09:28 | DEBUG | aiosqlite | request_id= workspace_id= user_id= | operation functools.partial(<built-in method close of sqlite3.Cursor object at 0x0000025F9ABF0440>) completed\n2026-04-23 18:09:28 | DEBUG | aiosqlite | request_id= workspace_id= user_id= | executing functools.partial(<built-in method cursor of sqlite3.Connection object at 0x0000025F9ACC4F40>)\n2026-04-23 18:09:28 | DEBUG | aiosqlite | request_id= workspace_id= user_id= | operation functools.partial(<built-in method cursor of sqlite3.Connection object at 0x0000025F9ACC4F40>) completed\n2026-04-23 18:09:28 | DEBUG | aiosqlite | request_id= workspace_id= user_id= | executing functools.partial(<built-in method execute of sqlite3.Cursor object at 0x0000025F9ACC8DC0>, 'PRAGMA main.table_info("workflows")', ())\n2026-04-23 18:09:28 | DEBUG | aiosqlite | request_id= workspace_id= user_id= | operation functools.partial(<built-in method execute of sqlite3.Cursor object at 0x0000025F9ACC8DC0>, 'PRAGMA main.table_info("workflows")', ()) completed\n2026-04-23 18:09:28 | DEBUG | aiosqlite | request_id= workspace_id= user_id= | executing functools.partial(<built-in method fetchall of sqlite3.Cursor object at 0x0000025F9ACC8DC0>)\n2026-04-23 18:09:28 | DEBUG | aiosqlite | request_id= workspace_id= user_id= | operation functools.partial(<built-in method fetchall of sqlite3.Cursor object at 0x0000025F9ACC8DC0>) completed\n2026-04-23 18:09:28 | DEBUG | aiosqlite | request_id= workspace_id= user_id= | executing functools.partial(<built-in method close of sqlite3.Cursor object at 0x0000025F9ACC8DC0>)\n2026-04-23 18:09:28 | DEBUG | aiosqlite | request_id= workspace_id= user_id= | operation functools.partial(<built-in method close of sqlite3.Cursor object at 0x0000025F9ACC8DC0>) completed\n2026-04-23 18:09:28 | DEBUG | aiosqlite | request_id= workspace_id= user_id= | executing functools.partial(<built-in method cursor of sqlite3.Connection object at 0x0000025F9ACC4F40>)\n2026-04-23 18:09:28 | DEBUG | aiosqlite | request_id= workspace_id= user_id= | operation functools.partial(<built-in method cursor of sqlite3.Connection object at 0x0000025F9ACC4F40>) completed\n2026-04-23 18:09:28 | DEBUG | aiosqlite | request_id= workspace_id= user_id= | executing functools.partial(<built-in method execute of sqlite3.Cursor object at 0x0000025F9ACC8D40>, 'PRAGMA main.table_info("connector_configs")', ())\n2026-04-23 18:09:28 | DEBUG | aiosqlite | request_id= workspace_id= user_id= | operation functools.partial(<built-in method execute of sqlite3.Cursor object at 0x0000025F9ACC8D40>, 'PRAGMA main.table_info("connector_configs")', ()) completed\n2026-04-23 18:09:28 | DEBUG | aiosqlite | request_id= workspace_id= user_id= | executing functools.partial(<built-in method fetchall of sqlite3.Cursor object at 0x0000025F9ACC8D40>)\n2026-04-23 18:09:28 | DEBUG | aiosqlite | request_id= workspace_id= user_id= | operation functools.partial(<built-in method fetchall of sqlite3.Cursor object at 0x0000025F9ACC8D40>) completed\n2026-04-23 18:09:28 | DEBUG | aiosqlite | request_id= workspace_id= user_id= | executing functools.partial(<built-in method close of sqlite3.Cursor object at 0x0000025F9ACC8D40>)\n2026-04-23 18:09:28 | DEBUG | aiosqlite | request_id= workspace_id= user_id= | operation functools.partial(<built-in method close of sqlite3.Cursor object at 0x0000025F9ACC8D40>) completed\n2026-04-23 18:09:28 | DEBUG | aiosqlite | request_id= workspace_id= user_id= | executing functools.partial(<built-in method cursor of sqlite3.Connection object at 0x0000025F9ACC4F40>)\n2026-04-23 18:09:28 | DEBUG | aiosqlite | request_id= workspace_id= user_id= | operation functools.partial(<built-in method cursor of sqlite3.Connection object at 0x0000025F9ACC4F40>) completed\n2026-04-23 18:09:28 | DEBUG | aiosqlite | request_id= workspace_id= user_id= | executing functools.partial(<built-in method execute of sqlite3.Cursor object at 0x0000025F9ACC8E40>, 'PRAGMA main.table_info("contract_logs")', ())\n2026-04-23 18:09:28 | DEBUG | aiosqlite | request_id= workspace_id= user_id= | operation functools.partial(<built-in method execute of sqlite3.Cursor object at 0x0000025F9ACC8E40>, 'PRAGMA main.table_info("contract_logs")', ()) completed\n2026-04-23 18:09:28 | DEBUG | aiosqlite | request_id= workspace_id= user_id= | executing functools.partial(<built-in method fetchall of sqlite3.Cursor object at 0x0000025F9ACC8E40>)\n2026-04-23 18:09:28 | DEBUG | aiosqlite | request_id= workspace_id= user_id= | operation functools.partial(<built-in method fetchall of sqlite3.Cursor object at 0x0000025F9ACC8E40>) completed\n2026-04-23 18:09:28 | DEBUG | aiosqlite | request_id= workspace_id= user_id= | executing functools.partial(<built-in method close of sqlite3.Cursor object at 0x0000025F9ACC8E40>)\n2026-04-23 18:09:28 | DEBUG | aiosqlite | request_id= workspace_id= user_id= | operation functools.partial(<built-in method close of sqlite3.Cursor object at 0x0000025F9ACC8E40>) completed\n2026-04-23 18:09:28 | DEBUG | aiosqlite | request_id= workspace_id= user_id= | executing functools.partial(<built-in method cursor of sqlite3.Connection object at 0x0000025F9ACC4F40>)\n2026-04-23 18:09:28 | DEBUG | aiosqlite | request_id= workspace_id= user_id= | operation functools.partial(<built-in method cursor of sqlite3.Connection object at 0x0000025F9ACC4F40>) completed\n2026-04-23 18:09:28 | DEBUG | aiosqlite | request_id= workspace_id= user_id= | executing functools.partial(<built-in method execute of sqlite3.Cursor object at 0x0000025F9ACC8EC0>, 'PRAGMA main.table_info("contracts")', ())\n2026-04-23 18:09:28 | DEBUG | aiosqlite | request_id= workspace_id= user_id= | operation functools.partial(<built-in method execute of sqlite3.Cursor object at 0x0000025F9ACC8EC0>, 'PRAGMA main.table_info("contracts")', ()) completed\n2026-04-23 18:09:28 | DEBUG | aiosqlite | request_id= workspace_id= user_id= | executing functools.partial(<built-in method fetchall of sqlite3.Cursor object at 0x0000025F9ACC8EC0>)\n2026-04-23 18:09:28 | DEBUG | aiosqlite | request_id= workspace_id= user_id= | operation functools.partial(<built-in method fetchall of sqlite3.Cursor object at 0x0000025F9ACC8EC0>) completed\n2026-04-23 18:09:28 | DEBUG | aiosqlite | request_id= workspace_id= user_id= | executing functools.partial(<built-in method close of sqlite3.Cursor object at 0x0000025F9ACC8EC0>)\n2026-04-23 18:09:28 | DEBUG | aiosqlite | request_id= workspace_id= user_id= | operation functools.partial(<built-in method close of sqlite3.Cursor object at 0x0000025F9ACC8EC0>) completed\n2026-04-23 18:09:28 | DEBUG | aiosqlite | request_id= workspace_id= user_id= | executing functools.partial(<built-in method cursor of sqlite3.Connection object at 0x0000025F9ACC4F40>)\n2026-04-23 18:09:28 | DEBUG | aiosqlite | request_id= workspace_id= user_id= | operation functools.partial(<built-in method cursor of sqlite3.Connection object at 0x0000025F9ACC4F40>) completed\n2026-04-23 18:09:28 | DEBUG | aiosqlite | request_id= workspace_id= user_id= | executing functools.partial(<built-in method execute of sqlite3.Cursor object at 0x0000025F9ACC8F40>, 'PRAGMA main.table_info("form_items")', ())\n2026-04-23 18:09:28 | DEBUG | aiosqlite | request_id= workspace_id= user_id= | operation functools.partial(<built-in method execute of sqlite3.Cursor object at 0x0000025F9ACC8F40>, 'PRAGMA main.table_info("form_items")', ()) completed\n2026-04-23 18:09:28 | DEBUG | aiosqlite | request_id= workspace_id= user_id= | executing functools.partial(<built-in method fetchall of sqlite3.Cursor object at 0x0000025F9ACC8F40>)\n2026-04-23 18:09:28 | DEBUG | aiosqlite | request_id= workspace_id= user_id= | operation functools.partial(<built-in method fetchall of sqlite3.Cursor object at 0x0000025F9ACC8F40>) completed\n2026-04-23 18:09:28 | DEBUG | aiosqlite | request_id= workspace_id= user_id= | executing functools.partial(<built-in method close of sqlite3.Cursor object at 0x0000025F9ACC8F40>)\n2026-04-23 18:09:28 | DEBUG | aiosqlite | request_id= workspace_id= user_id= | operation functools.partial(<built-in method close of sqlite3.Cursor object at 0x0000025F9ACC8F40>) completed\n2026-04-23 18:09:28 | DEBUG | aiosqlite | request_id= workspace_id= user_id= | executing functools.partial(<built-in method cursor of sqlite3.Connection object at 0x0000025F9ACC4F40>)\n2026-04-23 18:09:28 | DEBUG | aiosqlite | request_id= workspace_id= user_id= | operation functools.partial(<built-in method cursor of sqlite3.Connection object at 0x0000025F9ACC4F40>) completed\n2026-04-23 18:09:28 | DEBUG | aiosqlite | request_id= workspace_id= user_id= | executing functools.partial(<built-in method execute of sqlite3.Cursor object at 0x0000025F9ACC8FC0>, 'PRAGMA main.table_info("funnel_items")', ())\n2026-04-23 18:09:28 | DEBUG | aiosqlite | request_id= workspace_id= user_id= | operation functools.partial(<built-in method execute of sqlite3.Cursor object at 0x0000025F9ACC8FC0>, 'PRAGMA main.table_info("funnel_items")', ()) completed\n2026-04-23 18:09:28 | DEBUG | aiosqlite | request_id= workspace_id= user_id= | executing functools.partial(<built-in method fetchall of sqlite3.Cursor object at 0x0000025F9ACC8FC0>)\n2026-04-23 18:09:28 | DEBUG | aiosqlite | request_id= workspace_id= user_id= | operation functools.partial(<built-in method fetchall of sqlite3.Cursor object at 0x0000025F9ACC8FC0>) completed\n2026-04-23 18:09:28 | DEBUG | aiosqlite | request_id= workspace_id= user_id= | executing functools.partial(<built-in method close of sqlite3.Cursor object at 0x0000025F9ACC8FC0>)\n2026-04-23 18:09:28 | DEBUG | aiosqlite | request_id= workspace_id= user_id= | operation functools.partial(<built-in method close of sqlite3.Cursor object at 0x0000025F9ACC8FC0>) completed\n2026-04-23 18:09:28 | DEBUG | aiosqlite | request_id= workspace_id= user_id= | executing functools.partial(<built-in method cursor of sqlite3.Connection object at 0x0000025F9ACC4F40>)\n2026-04-23 18:09:28 | DEBUG | aiosqlite | request_id= workspace_id= user_id= | operation functools.partial(<built-in method cursor of sqlite3.Connection object at 0x0000025F9ACC4F40>) completed\n2026-04-23 18:09:28 | DEBUG | aiosqlite | request_id= workspace_id= user_id= | executing functools.partial(<built-in method execute of sqlite3.Cursor object at 0x0000025F9ACC90C0>, 'PRAGMA main.table_info("helpdesk_tickets")', ())\n2026-04-23 18:09:28 | DEBUG | aiosqlite | request_id= workspace_id= user_id= | operation functools.partial(<built-in method execute of sqlite3.Cursor object at 0x0000025F9ACC90C0>, 'PRAGMA main.table_info("helpdesk_tickets")', ()) completed\n2026-04-23 18:09:28 | DEBUG | aiosqlite | request_id= workspace_id= user_id= | executing functools.partial(<built-in method fetchall of sqlite3.Cursor object at 0x0000025F9ACC90C0>)\n2026-04-23 18:09:28 | DEBUG | aiosqlite | request_id= workspace_id= user_id= | operation functools.partial(<built-in method fetchall of sqlite3.Cursor object at 0x0000025F9ACC90C0>) completed\n2026-04-23 18:09:28 | DEBUG | aiosqlite | request_id= workspace_id= user_id= | executing functools.partial(<built-in method close of sqlite3.Cursor object at 0x0000025F9ACC90C0>)\n2026-04-23 18:09:28 | DEBUG | aiosqlite | request_id= workspace_id= user_id= | operation functools.partial(<built-in method close of sqlite3.Cursor object at 0x0000025F9ACC90C0>) completed\n2026-04-23 18:09:28 | DEBUG | aiosqlite | request_id= workspace_id= user_id= | executing functools.partial(<built-in method cursor of sqlite3.Connection object at 0x0000025F9ACC4F40>)\n2026-04-23 18:09:28 | DEBUG | aiosqlite | request_id= workspace_id= user_id= | operation functools.partial(<built-in method cursor of sqlite3.Connection object at 0x0000025F9ACC4F40>) completed\n2026-04-23 18:09:28 | DEBUG | aiosqlite | request_id= workspace_id= user_id= | executing functools.partial(<built-in method execute of sqlite3.Cursor object at 0x0000025F9ACC9040>, 'PRAGMA main.table_info("nelvyon_agents")', ())\n2026-04-23 18:09:28 | DEBUG | aiosqlite | request_id= workspace_id= user_id= | operation functools.partial(<built-in method execute of sqlite3.Cursor object at 0x0000025F9ACC9040>, 'PRAGMA main.table_info("nelvyon_agents")', ()) completed\n2026-04-23 18:09:28 | DEBUG | aiosqlite | request_id= workspace_id= user_id= | executing functools.partial(<built-in method fetchall of sqlite3.Cursor object at 0x0000025F9ACC9040>)\n2026-04-23 18:09:28 | DEBUG | aiosqlite | request_id= workspace_id= user_id= | operation functools.partial(<built-in method fetchall of sqlite3.Cursor object at 0x0000025F9ACC9040>) completed\n2026-04-23 18:09:28 | DEBUG | aiosqlite | request_id= workspace_id= user_id= | executing functools.partial(<built-in method close of sqlite3.Cursor object at 0x0000025F9ACC9040>)\n2026-04-23 18:09:28 | DEBUG | aiosqlite | request_id= workspace_id= user_id= | operation functools.partial(<built-in method close of sqlite3.Cursor object at 0x0000025F9ACC9040>) completed\n2026-04-23 18:09:28 | DEBUG | aiosqlite | request_id= workspace_id= user_id= | executing functools.partial(<built-in method cursor of sqlite3.Connection object at 0x0000025F9ACC4F40>)\n2026-04-23 18:09:28 | DEBUG | aiosqlite | request_id= workspace_id= user_id= | operation functools.partial(<built-in method cursor of sqlite3.Connection object at 0x0000025F9ACC4F40>) completed\n2026-04-23 18:09:28 | DEBUG | aiosqlite | request_id= workspace_id= user_id= | executing functools.partial(<built-in method execute of sqlite3.Cursor object at 0x0000025F9ACC9140>, 'PRAGMA main.table_info("nelvyon_assets")', ())\n2026-04-23 18:09:28 | DEBUG | aiosqlite | request_id= workspace_id= user_id= | operation functools.partial(<built-in method execute of sqlite3.Cursor object at 0x0000025F9ACC9140>, 'PRAGMA main.table_info("nelvyon_assets")', ()) completed\n2026-04-23 18:09:28 | DEBUG | aiosqlite | request_id= workspace_id= user_id= | executing functools.partial(<built-in method fetchall of sqlite3.Cursor object at 0x0000025F9ACC9140>)\n2026-04-23 18:09:28 | DEBUG | aiosqlite | request_id= workspace_id= user_id= | operation functools.partial(<built-in method fetchall of sqlite3.Cursor object at 0x0000025F9ACC9140>) completed\n2026-04-23 18:09:28 | DEBUG | aiosqlite | request_id= workspace_id= user_id= | executing functools.partial(<built-in method close of sqlite3.Cursor object at 0x0000025F9ACC9140>)\n2026-04-23 18:09:28 | DEBUG | aiosqlite | request_id= workspace_id= user_id= | operation functools.partial(<built-in method close of sqlite3.Cursor object at 0x0000025F9ACC9140>) completed\n2026-04-23 18:09:28 | DEBUG | aiosqlite | request_id= workspace_id= user_id= | executing functools.partial(<built-in method cursor of sqlite3.Connection object at 0x0000025F9ACC4F40>)\n2026-04-23 18:09:28 | DEBUG | aiosqlite | request_id= workspace_id= user_id= | operation functools.partial(<built-in method cursor of sqlite3.Connection object at 0x0000025F9ACC4F40>) completed\n2026-04-23 18:09:28 | DEBUG | aiosqlite | request_id= workspace_id= user_id= | executing functools.partial(<built-in method execute of sqlite3.Cursor object at 0x0000025F9ACC9240>, 'PRAGMA main.table_info("nelvyon_bot_templates")', ())\n2026-04-23 18:09:28 | DEBUG | aiosqlite | request_id= workspace_id= user_id= | operation functools.partial(<built-in method execute of sqlite3.Cursor object at 0x0000025F9ACC9240>, 'PRAGMA main.table_info("nelvyon_bot_templates")', ()) completed\n2026-04-23 18:09:28 | DEBUG | aiosqlite | request_id= workspace_id= user_id= | executing functools.partial(<built-in method fetchall of sqlite3.Cursor object at 0x0000025F9ACC9240>)\n2026-04-23 18:09:28 | DEBUG | aiosqlite | request_id= workspace_id= user_id= | operation functools.partial(<built-in method fetchall of sqlite3.Cursor object at 0x0000025F9ACC9240>) completed\n2026-04-23 18:09:28 | DEBUG | aiosqlite | request_id= workspace_id= user_id= | executing functools.partial(<built-in method close of sqlite3.Cursor object at 0x0000025F9ACC9240>)\n2026-04-23 18:09:28 | DEBUG | aiosqlite | request_id= workspace_id= user_id= | operation functools.partial(<built-in method close of sqlite3.Cursor object at 0x0000025F9ACC9240>) completed\n2026-04-23 18:09:28 | DEBUG | aiosqlite | request_id= workspace_id= user_id= | executing functools.partial(<built-in method cursor of sqlite3.Connection object at 0x0000025F9ACC4F40>)\n2026-04-23 18:09:28 | DEBUG | aiosqlite | request_id= workspace_id= user_id= | operation functools.partial(<built-in method cursor of sqlite3.Connection object at 0x0000025F9ACC4F40>) completed\n2026-04-23 18:09:28 | DEBUG | aiosqlite | request_id= workspace_id= user_id= | executing functools.partial(<built-in method execute of sqlite3.Cursor object at 0x0000025F9ACC91C0>, 'PRAGMA main.table_info("nelvyon_campaigns")', ())\n2026-04-23 18:09:28 | DEBUG | aiosqlite | request_id= workspace_id= user_id= | operation functools.partial(<built-in method execute of sqlite3.Cursor object at 0x0000025F9ACC91C0>, 'PRAGMA main.table_info("nelvyon_campaigns")', ()) completed\n2026-04-23 18:09:28 | DEBUG | aiosqlite | request_id= workspace_id= user_id= | executing functools.partial(<built-in method fetchall of sqlite3.Cursor object at 0x0000025F9ACC91C0>)\n2026-04-23 18:09:28 | DEBUG | aiosqlite | request_id= workspace_id= user_id= | operation functools.partial(<built-in method fetchall of sqlite3.Cursor object at 0x0000025F9ACC91C0>) completed\n2026-04-23 18:09:28 | DEBUG | aiosqlite | request_id= workspace_id= user_id= | executing functools.partial(<built-in method close of sqlite3.Cursor object at 0x0000025F9ACC91C0>)\n2026-04-23 18:09:28 | DEBUG | aiosqlite | request_id= workspace_id= user_id= | operation functools.partial(<built-in method close of sqlite3.Cursor object at 0x0000025F9ACC91C0>) completed\n2026-04-23 18:09:28 | DEBUG | aiosqlite | request_id= workspace_id= user_id= | executing functools.partial(<built-in method cursor of sqlite3.Connection object at 0x0000025F9ACC4F40>)\n2026-04-23 18:09:28 | DEBUG | aiosqlite | request_id= workspace_id= user_id= | operation functools.partial(<built-in method cursor of sqlite3.Connection object at 0x0000025F9ACC4F40>) completed\n2026-04-23 18:09:28 | DEBUG | aiosqlite | request_id= workspace_id= user_id= | executing functools.partial(<built-in method execute of sqlite3.Cursor object at 0x0000025F9ACC9340>, 'PRAGMA main.table_info("nelvyon_products")', ())\n2026-04-23 18:09:28 | DEBUG | aiosqlite | request_id= workspace_id= user_id= | operation functools.partial(<built-in method execute of sqlite3.Cursor object at 0x0000025F9ACC9340>, 'PRAGMA main.table_info("nelvyon_products")', ()) completed\n2026-04-23 18:09:28 | DEBUG | aiosqlite | request_id= workspace_id= user_id= | executing functools.partial(<built-in method fetchall of sqlite3.Cursor object at 0x0000025F9ACC9340>)\n2026-04-23 18:09:28 | DEBUG | aiosqlite | request_id= workspace_id= user_id= | operation functools.partial(<built-in method fetchall of sqlite3.Cursor object at 0x0000025F9ACC9340>) completed\n2026-04-23 18:09:28 | DEBUG | aiosqlite | request_id= workspace_id= user_id= | executing functools.partial(<built-in method close of sqlite3.Cursor object at 0x0000025F9ACC9340>)\n2026-04-23 18:09:28 | DEBUG | aiosqlite | request_id= workspace_id= user_id= | operation functools.partial(<built-in method close of sqlite3.Cursor object at 0x0000025F9ACC9340>) completed\n2026-04-23 18:09:28 | DEBUG | aiosqlite | request_id= workspace_id= user_id= | executing functools.partial(<built-in me
[...]
DEBUG    aiosqlite:core.py:67 operation functools.partial(<built-in method cursor of sqlite3.Connection object at 0x0000025F9112F4C0>) completed
DEBUG    aiosqlite:core.py:62 executing functools.partial(<built-in method execute of sqlite3.Cursor object at 0x0000025F9B129440>, '\nDROP TABLE campaigns', ())
DEBUG    aiosqlite:core.py:67 operation functools.partial(<built-in method execute of sqlite3.Cursor object at 0x0000025F9B129440>, '\nDROP TABLE campaigns', ()) completed
DEBUG    aiosqlite:core.py:62 executing functools.partial(<built-in method close of sqlite3.Cursor object at 0x0000025F9B129440>)
DEBUG    aiosqlite:core.py:67 operation functools.partial(<built-in method close of sqlite3.Cursor object at 0x0000025F9B129440>) completed
DEBUG    aiosqlite:core.py:62 executing functools.partial(<built-in method cursor of sqlite3.Connection object at 0x0000025F9112F4C0>)
DEBUG    aiosqlite:core.py:67 operation functools.partial(<built-in method cursor of sqlite3.Connection object at 0x0000025F9112F4C0>) completed
DEBUG    aiosqlite:core.py:62 executing functools.partial(<built-in method execute of sqlite3.Cursor object at 0x0000025F9B1294C0>, '\nDROP TABLE nelvyon_outputs', ())
DEBUG    aiosqlite:core.py:67 operation functools.partial(<built-in method execute of sqlite3.Cursor object at 0x0000025F9B1294C0>, '\nDROP TABLE nelvyon_outputs', ()) completed
DEBUG    aiosqlite:core.py:62 executing functools.partial(<built-in method close of sqlite3.Cursor object at 0x0000025F9B1294C0>)
DEBUG    aiosqlite:core.py:67 operation functools.partial(<built-in method close of sqlite3.Cursor object at 0x0000025F9B1294C0>) completed
DEBUG    aiosqlite:core.py:62 executing functools.partial(<built-in method cursor of sqlite3.Connection object at 0x0000025F9112F4C0>)
DEBUG    aiosqlite:core.py:67 operation functools.partial(<built-in method cursor of sqlite3.Connection object at 0x0000025F9112F4C0>) completed
DEBUG    aiosqlite:core.py:62 executing functools.partial(<built-in method execute of sqlite3.Cursor object at 0x0000025F9B1291C0>, '\nDROP TABLE nelvyon_projects', ())
DEBUG    aiosqlite:core.py:67 operation functools.partial(<built-in method execute of sqlite3.Cursor object at 0x0000025F9B1291C0>, '\nDROP TABLE nelvyon_projects', ()) completed
DEBUG    aiosqlite:core.py:62 executing functools.partial(<built-in method close of sqlite3.Cursor object at 0x0000025F9B1291C0>)
DEBUG    aiosqlite:core.py:67 operation functools.partial(<built-in method close of sqlite3.Cursor object at 0x0000025F9B1291C0>) completed
DEBUG    aiosqlite:core.py:62 executing functools.partial(<built-in method cursor of sqlite3.Connection object at 0x0000025F9112F4C0>)
DEBUG    aiosqlite:core.py:67 operation functools.partial(<built-in method cursor of sqlite3.Connection object at 0x0000025F9112F4C0>) completed
DEBUG    aiosqlite:core.py:62 executing functools.partial(<built-in method execute of sqlite3.Cursor object at 0x0000025F9B129540>, '\nDROP TABLE nelvyon_clients', ())
DEBUG    aiosqlite:core.py:67 operation functools.partial(<built-in method execute of sqlite3.Cursor object at 0x0000025F9B129540>, '\nDROP TABLE nelvyon_clients', ()) completed
DEBUG    aiosqlite:core.py:62 executing functools.partial(<built-in method close of sqlite3.Cursor object at 0x0000025F9B129540>)
DEBUG    aiosqlite:core.py:67 operation functools.partial(<built-in method close of sqlite3.Cursor object at 0x0000025F9B129540>) completed
DEBUG    aiosqlite:core.py:62 executing functools.partial(<built-in method cursor of sqlite3.Connection object at 0x0000025F9112F4C0>)
DEBUG    aiosqlite:core.py:67 operation functools.partial(<built-in method cursor of sqlite3.Connection object at 0x0000025F9112F4C0>) completed
DEBUG    aiosqlite:core.py:62 executing functools.partial(<built-in method execute of sqlite3.Cursor object at 0x0000025F9B1295C0>, '\nDROP TABLE automation_webhooks', ())
DEBUG    aiosqlite:core.py:67 operation functools.partial(<built-in method execute of sqlite3.Cursor object at 0x0000025F9B1295C0>, '\nDROP TABLE automation_webhooks', ()) completed
DEBUG    aiosqlite:core.py:62 executing functools.partial(<built-in method close of sqlite3.Cursor object at 0x0000025F9B1295C0>)
DEBUG    aiosqlite:core.py:67 operation functools.partial(<built-in method close of sqlite3.Cursor object at 0x0000025F9B1295C0>) completed
DEBUG    aiosqlite:core.py:62 executing functools.partial(<built-in method cursor of sqlite3.Connection object at 0x0000025F9112F4C0>)
DEBUG    aiosqlite:core.py:67 operation functools.partial(<built-in method cursor of sqlite3.Connection object at 0x0000025F9112F4C0>) completed
DEBUG    aiosqlite:core.py:62 executing functools.partial(<built-in method execute of sqlite3.Cursor object at 0x0000025F9B12B5C0>, '\nDROP TABLE automation_jobs', ())
DEBUG    aiosqlite:core.py:67 operation functools.partial(<built-in method execute of sqlite3.Cursor object at 0x0000025F9B12B5C0>, '\nDROP TABLE automation_jobs', ()) completed
DEBUG    aiosqlite:core.py:62 executing functools.partial(<built-in method close of sqlite3.Cursor object at 0x0000025F9B12B5C0>)
DEBUG    aiosqlite:core.py:67 operation functools.partial(<built-in method close of sqlite3.Cursor object at 0x0000025F9B12B5C0>) completed
DEBUG    aiosqlite:core.py:62 executing functools.partial(<built-in method cursor of sqlite3.Connection object at 0x0000025F9112F4C0>)
DEBUG    aiosqlite:core.py:67 operation functools.partial(<built-in method cursor of sqlite3.Connection object at 0x0000025F9112F4C0>) completed
DEBUG    aiosqlite:core.py:62 executing functools.partial(<built-in method execute of sqlite3.Cursor object at 0x0000025F9B12B640>, '\nDROP TABLE appointments', ())
DEBUG    aiosqlite:core.py:67 operation functools.partial(<built-in method execute of sqlite3.Cursor object at 0x0000025F9B12B640>, '\nDROP TABLE appointments', ()) completed
DEBUG    aiosqlite:core.py:62 executing functools.partial(<built-in method close of sqlite3.Cursor object at 0x0000025F9B12B640>)
DEBUG    aiosqlite:core.py:67 operation functools.partial(<built-in method close of sqlite3.Cursor object at 0x0000025F9B12B640>) completed
DEBUG    aiosqlite:core.py:62 executing functools.partial(<built-in method cursor of sqlite3.Connection object at 0x0000025F9112F4C0>)
DEBUG    aiosqlite:core.py:67 operation functools.partial(<built-in method cursor of sqlite3.Connection object at 0x0000025F9112F4C0>) completed
DEBUG    aiosqlite:core.py:62 executing functools.partial(<built-in method execute of sqlite3.Cursor object at 0x0000025F9B12B6C0>, '\nDROP TABLE calendar_events', ())
DEBUG    aiosqlite:core.py:67 operation functools.partial(<built-in method execute of sqlite3.Cursor object at 0x0000025F9B12B6C0>, '\nDROP TABLE calendar_events', ()) completed
DEBUG    aiosqlite:core.py:62 executing functools.partial(<built-in method close of sqlite3.Cursor object at 0x0000025F9B12B6C0>)
DEBUG    aiosqlite:core.py:67 operation functools.partial(<built-in method close of sqlite3.Cursor object at 0x0000025F9B12B6C0>) completed
DEBUG    aiosqlite:core.py:62 executing functools.partial(<built-in method cursor of sqlite3.Connection object at 0x0000025F9112F4C0>)
DEBUG    aiosqlite:core.py:67 operation functools.partial(<built-in method cursor of sqlite3.Connection object at 0x0000025F9112F4C0>) completed
DEBUG    aiosqlite:core.py:62 executing functools.partial(<built-in method execute of sqlite3.Cursor object at 0x0000025F9B12B9C0>, '\nDROP TABLE blog_posts', ())
DEBUG    aiosqlite:core.py:67 operation functools.partial(<built-in method execute of sqlite3.Cursor object at 0x0000025F9B12B9C0>, '\nDROP TABLE blog_posts', ()) completed
DEBUG    aiosqlite:core.py:62 executing functools.partial(<built-in method close of sqlite3.Cursor object at 0x0000025F9B12B9C0>)
DEBUG    aiosqlite:core.py:67 operation functools.partial(<built-in method close of sqlite3.Cursor object at 0x0000025F9B12B9C0>) completed
DEBUG    aiosqlite:core.py:62 executing functools.partial(<built-in method cursor of sqlite3.Connection object at 0x0000025F9112F4C0>)
DEBUG    aiosqlite:core.py:67 operation functools.partial(<built-in method cursor of sqlite3.Connection object at 0x0000025F9112F4C0>) completed
DEBUG    aiosqlite:core.py:62 executing functools.partial(<built-in method execute of sqlite3.Cursor object at 0x0000025F9B12B7C0>, '\nDROP TABLE report_items', ())
DEBUG    aiosqlite:core.py:67 operation functools.partial(<built-in method execute of sqlite3.Cursor object at 0x0000025F9B12B7C0>, '\nDROP TABLE report_items', ()) completed
DEBUG    aiosqlite:core.py:62 executing functools.partial(<built-in method close of sqlite3.Cursor object at 0x0000025F9B12B7C0>)
DEBUG    aiosqlite:core.py:67 operation functools.partial(<built-in method close of sqlite3.Cursor object at 0x0000025F9B12B7C0>) completed
DEBUG    aiosqlite:core.py:62 executing functools.partial(<built-in method cursor of sqlite3.Connection object at 0x0000025F9112F4C0>)
DEBUG    aiosqlite:core.py:67 operation functools.partial(<built-in method cursor of sqlite3.Connection object at 0x0000025F9112F4C0>) completed
DEBUG    aiosqlite:core.py:62 executing functools.partial(<built-in method execute of sqlite3.Cursor object at 0x0000025F9B12B840>, '\nDROP TABLE deals', ())
DEBUG    aiosqlite:core.py:67 operation functools.partial(<built-in method execute of sqlite3.Cursor object at 0x0000025F9B12B840>, '\nDROP TABLE deals', ()) completed
DEBUG    aiosqlite:core.py:62 executing functools.partial(<built-in method close of sqlite3.Cursor object at 0x0000025F9B12B840>)
DEBUG    aiosqlite:core.py:67 operation functools.partial(<built-in method close of sqlite3.Cursor object at 0x0000025F9B12B840>) completed
DEBUG    aiosqlite:core.py:62 executing functools.partial(<built-in method cursor of sqlite3.Connection object at 0x0000025F9112F4C0>)
DEBUG    aiosqlite:core.py:67 operation functools.partial(<built-in method cursor of sqlite3.Connection object at 0x0000025F9112F4C0>) completed
DEBUG    aiosqlite:core.py:62 executing functools.partial(<built-in method execute of sqlite3.Cursor object at 0x0000025F9B12B8C0>, '\nDROP TABLE contacts', ())
DEBUG    aiosqlite:core.py:67 operation functools.partial(<built-in method execute of sqlite3.Cursor object at 0x0000025F9B12B8C0>, '\nDROP TABLE contacts', ()) completed
DEBUG    aiosqlite:core.py:62 executing functools.partial(<built-in method close of sqlite3.Cursor object at 0x0000025F9B12B8C0>)
DEBUG    aiosqlite:core.py:67 operation functools.partial(<built-in method close of sqlite3.Cursor object at 0x0000025F9B12B8C0>) completed
DEBUG    aiosqlite:core.py:62 executing functools.partial(<built-in method cursor of sqlite3.Connection object at 0x0000025F9112F4C0>)
DEBUG    aiosqlite:core.py:67 operation functools.partial(<built-in method cursor of sqlite3.Connection object at 0x0000025F9112F4C0>) completed
DEBUG    aiosqlite:core.py:62 executing functools.partial(<built-in method execute of sqlite3.Cursor object at 0x0000025F9B12B940>, '\nDROP TABLE activities', ())
DEBUG    aiosqlite:core.py:67 operation functools.partial(<built-in method execute of sqlite3.Cursor object at 0x0000025F9B12B940>, '\nDROP TABLE activities', ()) completed
DEBUG    aiosqlite:core.py:62 executing functools.partial(<built-in method close of sqlite3.Cursor object at 0x0000025F9B12B940>)
DEBUG    aiosqlite:core.py:67 operation functools.partial(<built-in method close of sqlite3.Cursor object at 0x0000025F9B12B940>) completed
DEBUG    aiosqlite:core.py:62 executing functools.partial(<built-in method cursor of sqlite3.Connection object at 0x0000025F9112F4C0>)
DEBUG    aiosqlite:core.py:67 operation functools.partial(<built-in method cursor of sqlite3.Connection object at 0x0000025F9112F4C0>) completed
DEBUG    aiosqlite:core.py:62 executing functools.partial(<built-in method execute of sqlite3.Cursor object at 0x0000025F9B12BA40>, '\nDROP TABLE oidc_states', ())
DEBUG    aiosqlite:core.py:67 operation functools.partial(<built-in method execute of sqlite3.Cursor object at 0x0000025F9B12BA40>, '\nDROP TABLE oidc_states', ()) completed
DEBUG    aiosqlite:core.py:62 executing functools.partial(<built-in method close of sqlite3.Cursor object at 0x0000025F9B12BA40>)
DEBUG    aiosqlite:core.py:67 operation functools.partial(<built-in method close of sqlite3.Cursor object at 0x0000025F9B12BA40>) completed
DEBUG    aiosqlite:core.py:62 executing functools.partial(<built-in method cursor of sqlite3.Connection object at 0x0000025F9112F4C0>)
DEBUG    aiosqlite:core.py:67 operation functools.partial(<built-in method cursor of sqlite3.Connection object at 0x0000025F9112F4C0>) completed
DEBUG    aiosqlite:core.py:62 executing functools.partial(<built-in method execute of sqlite3.Cursor object at 0x0000025F9B12BCC0>, '\nDROP TABLE users', ())
DEBUG    aiosqlite:core.py:67 operation functools.partial(<built-in method execute of sqlite3.Cursor object at 0x0000025F9B12BCC0>, '\nDROP TABLE users', ()) completed
DEBUG    aiosqlite:core.py:62 executing functools.partial(<built-in method close of sqlite3.Cursor object at 0x0000025F9B12BCC0>)
DEBUG    aiosqlite:core.py:67 operation functools.partial(<built-in method close of sqlite3.Cursor object at 0x0000025F9B12BCC0>) completed
DEBUG    aiosqlite:core.py:62 executing functools.partial(<built-in method cursor of sqlite3.Connection object at 0x0000025F9112F4C0>)
DEBUG    aiosqlite:core.py:67 operation functools.partial(<built-in method cursor of sqlite3.Connection object at 0x0000025F9112F4C0>) completed
DEBUG    aiosqlite:core.py:62 executing functools.partial(<built-in method execute of sqlite3.Cursor object at 0x0000025F9B12B740>, '\nDROP TABLE workspaces', ())
DEBUG    aiosqlite:core.py:67 operation functools.partial(<built-in method execute of sqlite3.Cursor object at 0x0000025F9B12B740>, '\nDROP TABLE workspaces', ()) completed
DEBUG    aiosqlite:core.py:62 executing functools.partial(<built-in method close of sqlite3.Cursor object at 0x0000025F9B12B740>)
DEBUG    aiosqlite:core.py:67 operation functools.partial(<built-in method close of sqlite3.Cursor object at 0x0000025F9B12B740>) completed
DEBUG    aiosqlite:core.py:62 executing functools.partial(<built-in method cursor of sqlite3.Connection object at 0x0000025F9112F4C0>)
DEBUG    aiosqlite:core.py:67 operation functools.partial(<built-in method cursor of sqlite3.Connection object at 0x0000025F9112F4C0>) completed
DEBUG    aiosqlite:core.py:62 executing functools.partial(<built-in method execute of sqlite3.Cursor object at 0x0000025F9B12BAC0>, '\nDROP TABLE workspace_members', ())
DEBUG    aiosqlite:core.py:67 operation functools.partial(<built-in method execute of sqlite3.Cursor object at 0x0000025F9B12BAC0>, '\nDROP TABLE workspace_members', ()) completed
DEBUG    aiosqlite:core.py:62 executing functools.partial(<built-in method close of sqlite3.Cursor object at 0x0000025F9B12BAC0>)
DEBUG    aiosqlite:core.py:67 operation functools.partial(<built-in method close of sqlite3.Cursor object at 0x0000025F9B12BAC0>) completed
DEBUG    aiosqlite:core.py:62 executing functools.partial(<built-in method cursor of sqlite3.Connection object at 0x0000025F9112F4C0>)
DEBUG    aiosqlite:core.py:67 operation functools.partial(<built-in method cursor of sqlite3.Connection object at 0x0000025F9112F4C0>) completed
DEBUG    aiosqlite:core.py:62 executing functools.partial(<built-in method execute of sqlite3.Cursor object at 0x0000025F9B12BBC0>, '\nDROP TABLE security_events', ())
DEBUG    aiosqlite:core.py:67 operation functools.partial(<built-in method execute of sqlite3.Cursor object at 0x0000025F9B12BBC0>, '\nDROP TABLE security_events', ()) completed
DEBUG    aiosqlite:core.py:62 executing functools.partial(<built-in method close of sqlite3.Cursor object at 0x0000025F9B12BBC0>)
DEBUG    aiosqlite:core.py:67 operation functools.partial(<built-in method close of sqlite3.Cursor object at 0x0000025F9B12BBC0>) completed
DEBUG    aiosqlite:core.py:62 executing functools.partial(<built-in method cursor of sqlite3.Connection object at 0x0000025F9112F4C0>)
DEBUG    aiosqlite:core.py:67 operation functools.partial(<built-in method cursor of sqlite3.Connection object at 0x0000025F9112F4C0>) completed
DEBUG    aiosqlite:core.py:62 executing functools.partial(<built-in method execute of sqlite3.Cursor object at 0x0000025F9B12BC40>, '\nDROP TABLE stripe_webhook_events', ())
DEBUG    aiosqlite:core.py:67 operation functools.partial(<built-in method execute of sqlite3.Cursor object at 0x0000025F9B12BC40>, '\nDROP TABLE stripe_webhook_events', ()) completed
DEBUG    aiosqlite:core.py:62 executing functools.partial(<built-in method close of sqlite3.Cursor object at 0x0000025F9B12BC40>)
DEBUG    aiosqlite:core.py:67 operation functools.partial(<built-in method close of sqlite3.Cursor object at 0x0000025F9B12BC40>) completed
DEBUG    aiosqlite:core.py:62 executing functools.partial(<built-in method cursor of sqlite3.Connection object at 0x0000025F9112F4C0>)
DEBUG    aiosqlite:core.py:67 operation functools.partial(<built-in method cursor of sqlite3.Connection object at 0x0000025F9112F4C0>) completed
DEBUG    aiosqlite:core.py:62 executing functools.partial(<built-in method execute of sqlite3.Cursor object at 0x0000025F9B12BD40>, '\nDROP TABLE messages', ())
DEBUG    aiosqlite:core.py:67 operation functools.partial(<built-in method execute of sqlite3.Cursor object at 0x0000025F9B12BD40>, '\nDROP TABLE messages', ()) completed
DEBUG    aiosqlite:core.py:62 executing functools.partial(<built-in method close of sqlite3.Cursor object at 0x0000025F9B12BD40>)
DEBUG    aiosqlite:core.py:67 operation functools.partial(<built-in method close of sqlite3.Cursor object at 0x0000025F9B12BD40>) completed
DEBUG    aiosqlite:core.py:62 executing functools.partial(<built-in method cursor of sqlite3.Connection object at 0x0000025F9112F4C0>)
DEBUG    aiosqlite:core.py:67 operation functools.partial(<built-in method cursor of sqlite3.Connection object at 0x0000025F9112F4C0>) completed
DEBUG    aiosqlite:core.py:62 executing functools.partial(<built-in method execute of sqlite3.Cursor object at 0x0000025F9B12BDC0>, '\nDROP TABLE conversations', ())
DEBUG    aiosqlite:core.py:67 operation functools.partial(<built-in method execute of sqlite3.Cursor object at 0x0000025F9B12BDC0>, '\nDROP TABLE conversations', ()) completed
DEBUG    aiosqlite:core.py:62 executing functools.partial(<built-in method close of sqlite3.Cursor object at 0x0000025F9B12BDC0>)
DEBUG    aiosqlite:core.py:67 operation functools.partial(<built-in method close of sqlite3.Cursor object at 0x0000025F9B12BDC0>) completed
DEBUG    aiosqlite:core.py:62 executing functools.partial(<built-in method commit of sqlite3.Connection object at 0x0000025F9112F4C0>)
DEBUG    aiosqlite:core.py:67 operation functools.partial(<built-in method commit of sqlite3.Connection object at 0x0000025F9112F4C0>) completed
DEBUG    aiosqlite:core.py:62 executing functools.partial(<built-in method rollback of sqlite3.Connection object at 0x0000025F9112F4C0>)
DEBUG    aiosqlite:core.py:67 operation functools.partial(<built-in method rollback of sqlite3.Connection object at 0x0000025F9112F4C0>) completed
DEBUG    aiosqlite:core.py:62 executing functools.partial(<built-in method close of sqlite3.Connection object at 0x0000025F9112F4C0>)
DEBUG    aiosqlite:core.py:67 operation functools.partial(<built-in method close of sqlite3.Connection object at 0x0000025F9112F4C0>) completed
DEBUG    aiosqlite:core.py:62 executing <function Connection.stop.<locals>.close_and_stop at 0x0000025F9ABB89A0>
DEBUG    aiosqlite:core.py:67 operation <function Connection.stop.<locals>.close_and_stop at 0x0000025F9ABB89A0> completed
=========================== short test summary info ===========================
FAILED tests/test_remediation_fast1_inbox_corridor.py::test_fast1_messages_put_member_forbidden_operator
!!!!!!!!!!!!!!!!!!!!!!!!!! stopping after 1 failures !!!!!!!!!!!!!!!!!!!!!!!!!!
============================= 1 failed in 17.86s ==============================
